,lat,lon
0,41.81000000001645,-72.2479999999919
1,41.80799999999954,-72.25099999999962
2,41.80900000000013,-72.24899999999904
3,41.808000000001655,-72.25
4,41.80700000000064,-72.25399999999505
5,41.80900000000001,-72.25600000000055
6,41.808000000000646,-72.25600000000074
7,41.78300000000001,-72.54200000000002
8,41.782999999996555,-72.54099999999535
9,41.78399999999967,-72.54099999999808
10,41.781,-72.54700000000011
11,41.780999999999956,-72.54600000000013
12,41.779999999999994,-72.54700000000001
13,41.69399999999999,-72.65599999999996
14,41.69399999999999,-72.65699999999998
15,41.735,-72.69899999999998
16,41.688000000000024,-72.77
17,41.687999999999995,-72.76899999999999
18,41.78300000000001,-72.53999999999999
19,41.80699999999991,-72.54500000000006
20,41.807,-72.544
21,41.80700000000066,-72.24900000000657
22,41.80800000000045,-72.24899999999981
23,41.8070000000006,-72.25100000000096
24,41.80900000000067,-72.25400000000073
25,41.807000000000095,-72.25700000000003
26,41.809000000000275,-72.25699999999972
27,41.80700000000064,-72.25299999999747
28,41.80599999999786,-72.25200000000036
29,41.80599999999862,-72.25100000000063
30,41.80700000000065,-72.25200000000217
31,41.80900000000039,-72.25899999999874
32,41.80899999999978,-72.26099999999954
33,41.80600000000003,-72.24699999999967
34,41.80800000000064,-72.25499999999937
35,41.810000000000024,-72.25800000000004
36,41.808999999999976,-72.26200000000004
37,41.784,-72.54200000000002
38,41.777,-72.54899999999999
39,41.77199999999999,-72.54899999999999
40,41.78299999999995,-72.52300000000004
41,41.80799999999912,-72.25299999999807
42,41.80700000000062,-72.2550000000022
43,41.78099999999998,-72.53999999999998
44,41.779999999999994,-72.54199999999994
45,41.805000000000206,-72.24599999999943
46,41.805999999998946,-72.24899999999998
47,41.80800000000007,-72.25799999999984
48,41.80599999999865,-72.25299999999801
49,41.8089999999999,-72.24799999999969
50,41.80800000000051,-72.24799999999962
51,41.80700000000062,-72.25
52,41.809999999999114,-72.24700000000203
53,41.81199999999991,-72.25100000000016
54,41.80500000000024,-72.24799999999964
55,41.811000000000526,-72.25099999999895
56,41.81399999999997,-72.253
57,41.81400000000002,-72.25500000000007
58,41.81300000000009,-72.25100000000016
59,41.80599999999976,-72.25499999999903
60,41.80700000000055,-72.25599999999957
61,41.804999999999836,-72.2449999999985
62,41.807000000000656,-72.24699999999906
63,41.80499999999455,-72.2440000000039
64,41.806000000000225,-72.2459999999994
65,41.80599999999764,-72.24399999999356
66,41.809000000000026,-72.24699999999997
67,41.806999999999846,-72.24599999999974
68,41.806000000001006,-72.24499999999662
69,41.801999999999786,-72.24199999999952
70,41.80499999999998,-72.27199999999995
71,41.80400000000008,-72.24599999999934
72,41.80399999999828,-72.24800000000262
73,41.80499999999587,-72.25799999999894
74,41.805999999998996,-72.25799999999282
75,41.80700000000053,-72.24500000000081
76,41.80399999999836,-72.24700000000198
77,41.797000000000004,-72.418
78,41.80399999999999,-72.303
79,41.803000000000004,-72.25800000000001
80,41.79999999999997,-72.25500000000007
81,41.79999999999998,-72.25700000000005
82,41.80300000000004,-72.25500000000008
83,41.80499999999935,-72.25299999999785
84,41.80299999999991,-72.24199999999972
85,41.809999999999974,-72.26
86,41.82799999999998,-72.26700000000001
87,41.338999999999984,-72.95900000000003
88,41.187999999999995,-73.12799999999999
89,41.804999999996866,-72.2470000000025
90,41.80300000000001,-72.25599999999999
91,41.805999999999635,-72.25900000000365
92,41.804000000001274,-72.25
93,41.80400000000272,-72.24899999999946
94,41.80399999999854,-72.25199999999712
95,41.804000000000016,-72.259
96,41.8059999999993,-72.25400000000073
97,41.80599999999893,-72.25699999999875
98,41.80499999999513,-72.25
99,41.80500000000016,-72.25100000000018
100,41.80500000000018,-72.24899999999982
101,41.80400000000008,-72.25100000000019
102,41.80499999999632,-72.25899999999679
103,41.80300000000001,-72.25700000000005
104,41.80400000000002,-72.25500000000007
105,41.80800000000043,-72.25200000000038
106,41.80200000000001,-72.256
107,41.8050000000002,-72.25200000000035
108,41.80499999999999,-72.25500000000008
109,41.80400000000007,-72.24499999999998
110,41.80499999999866,-72.24300000000014
111,41.80500000000008,-72.24200000000015
112,41.13500000000017,-73.33400000000029
113,41.115,-73.35099999999998
114,41.807000000000535,-72.24399999999991
115,41.806000000000296,-72.24799999999964
116,41.80600000000014,-72.24299999999958
117,41.80299999999998,-72.25299999999996
118,41.805000000000106,-72.25400000000029
119,41.805999999998114,-72.25599999999685
120,41.80600000000001,-72.26
121,41.80300000000005,-72.24800000000003
122,41.805000000000085,-72.25699999999976
123,41.80300000000003,-72.24600000000004
124,41.80400000000194,-72.25300000000442
125,41.802000000000014,-72.241
126,41.801000000000016,-72.24399999999997
127,41.802999999985154,-72.25099999998554
128,41.80400000000008,-72.24199999999954
129,41.80700000000005,-72.24799999999969
130,41.806,-72.55899999999998
131,41.80600000000021,-72.25
132,41.80700000000041,-72.25899999999892
133,41.8030000000054,-72.25
134,41.788999999999994,-72.22699999999999
135,41.8010000000001,-72.25
136,41.80200000000001,-72.246
137,41.80700000000047,-72.25800000000108
138,41.8029999999999,-72.24900000000116
139,41.802999999999926,-72.26000000000019
140,41.80300000000005,-72.259
141,41.79500000000001,-72.52499999999999
142,41.805,-72.53999999999999
143,41.803999999998965,-72.24099999999797
144,41.80299999999996,-72.241
145,41.808,-72.24699999999996
146,41.80400000000007,-72.24400000000011
147,41.80800000000065,-72.25400000000067
148,41.809000000000175,-72.25499999999967
149,41.81300000000007,-72.24899999999987
150,41.81400000000018,-72.25
151,41.81099999999998,-72.25
152,41.80900000000071,-72.25
153,41.811,-72.24800000000003
154,41.81,-72.24899999999985
155,41.811000000000384,-72.25999999999996
156,41.81100000000128,-72.25899999999781
157,41.81100000000101,-72.25400000000074
158,27.907999999999888,-82.7740000000001
159,41.80199999999802,-72.25099999999424
160,41.80999999999935,-72.25699999999873
161,41.81000000000045,-72.25499999999937
162,41.810000000000194,-72.25099999999838
163,41.80099999999442,-72.25100000000825
164,41.844000000000044,-72.33399999999989
165,41.84300000000001,-72.33400000000002
166,41.805000000000014,-72.26099999999998
167,41.81099999999995,-72.25200000000022
168,41.812000000000516,-72.25199999999734
169,41.81199999999992,-72.25
170,41.81000000000018,-72.25
171,41.81099999999993,-72.25499999999987
172,41.809999999999924,-72.25400000000057
173,41.80999999999995,-72.25300000000033
174,41.815999999999924,-72.26299999999993
175,41.798,-72.24699999999999
176,41.71399999999998,-72.20699999999997
177,41.748,-72.193
178,41.81100000000003,-72.25299999999999
179,41.801999999999744,-72.25
180,41.81000000000052,-72.25600000000077
181,41.76399999999996,-72.19799999999998
182,41.713999999999984,-72.21500000000002
183,41.80899999999978,-72.24499999999823
184,41.80900000000073,-72.25299999999805
185,41.812,-72.25299999999999
186,41.81000000000044,-72.25200000000036
187,41.81199999999991,-72.25400000000043
188,41.798,-72.246
189,41.8089999999985,-72.25199999999917
190,41.80399999999871,-72.2430000000012
191,41.80900000000053,-72.25099999999858
192,41.802000000000014,-72.24
193,40.750999999998875,-73.66800000000217
194,40.744000000000014,-73.61999999999999
195,40.751999999999974,-73.66800000000006
196,40.75,-73.66599999999998
197,40.96800000000001,-73.83000000000001
198,40.752,-73.673
199,40.77599999999991,-73.79900000000013
200,40.775999999999996,-73.81199999999998
201,40.755000000000074,-73.6940000000001
202,40.75,-73.8149999999999
203,41.06400000000002,-73.54500000000004
204,40.754000000000005,-73.70799999999998
205,42.351000000000006,-71.06100000000002
206,40.75400000000001,-73.70900000000005
207,36.864000000000026,-75.97899999999998
208,40.75300000000001,-73.70900000000003
209,40.731999999999985,-73.866
210,36.596999999999994,-121.85999999999997
211,37.664999999999985,-122.48999999999994
212,41.802999999999926,-72.25200000000028
213,41.81100000000083,-72.25600000000028
214,41.812000000000005,-72.26199999999996
215,41.80200000000001,-72.24800000000002
216,41.809999999998375,-72.2589999999972
217,41.81200000000049,-72.25800000000092
218,41.80399999999999,-72.25600000000001
219,41.73699999999998,-72.19899999999998
220,41.802999999999955,-72.24700000000009
221,41.811999999999934,-72.259
222,41.81099999999999,-72.25700000000005
223,41.79999999999999,-72.239
224,41.80500000000001,-72.25599999999999
225,41.808,-72.24600000000005
226,41.81300000000006,-72.25399999999993
227,41.812999999999995,-72.255
228,41.812000000000005,-72.25500000000001
229,41.793,-72.25500000000002
230,41.8140000000001,-72.25400000000022
231,41.821999999999996,-72.287
232,41.812999999999995,-72.25299999999999
233,41.56699999999951,-87.68299999999944
234,41.55899999999998,-87.68399999999998
235,41.54200000000001,-87.68299999999999
236,41.54399999999999,-87.67900000000002
237,41.567,-87.68199999999989
238,41.56500000000001,-87.68399999999998
239,41.56599999999988,-87.68300000000029
240,41.558,-87.73299999999996
241,41.55700000000028,-87.73400000000001
242,41.558,-87.73400000000001
243,41.56300000000004,-87.68299999999999
244,41.566000000000024,-87.68199999999995
245,41.557,-87.73299999999996
246,41.56500000000002,-87.68299999999999
247,41.56300000000002,-87.68400000000004
248,41.884,-87.62400000000001
249,41.53400000000007,-87.69700000000009
250,41.877,-87.623
251,41.556,-87.682
252,41.909,-88.12400000000001
253,41.907,-88.11200000000001
254,41.879000000000005,-87.64399999999999
255,41.57300000000003,-87.66499999999998
256,41.558,-87.693
257,28.46300000000007,-81.4719999999999
258,28.462999999999987,-81.47299999999997
259,41.801999999999765,-72.25899999999913
260,41.71699999999999,-72.22600000000001
261,41.808000000000284,-72.25700000000006
262,41.812999999999995,-72.259
263,41.81199999999992,-72.24899999999985
264,40.3539999999995,-86.88199999999875
265,41.47500000000001,-82.02
266,41.46700000000004,-82.0569999999999
267,35.52499999999994,-80.92900000000007
268,35.68,-81.30899999999998
269,40.643000000000015,-73.779
270,17.444999999999997,78.35899999999997
271,17.41399999999999,78.384
272,17.413000000000004,78.384
273,17.44500000000002,78.36
274,17.418999999999997,78.337
275,41.795999999999985,-72.23599999999996
276,41.797000000000004,-72.236
277,41.80299999999999,-72.24399999999996
278,41.808,-72.26000000000002
279,41.808999999999976,-72.26000000000008
280,41.80200000000001,-72.24299999999997
281,41.80999999999997,-72.26099999999998
282,41.817,-72.255
283,41.817,-72.259
284,41.817,-72.25600000000003
285,41.816000000000024,-72.25599999999996
286,41.817,-72.25799999999985
287,41.81600000000001,-72.255
288,41.800999999999675,-72.2589999999988
289,41.80400000000002,-72.26000000000006
290,41.81500000000158,-72.2600000000024
291,41.765000000000015,-72.55400000000003
292,41.76500000000002,-72.558
293,41.79899999999999,-72.24400000000001
294,41.76099999999998,-72.62100000000005
295,40.760999999999974,-73.99899999999992
296,41.76000000000013,-72.62099999999997
297,41.808,-72.259
298,41.799999999999976,-72.259
299,41.80699999999993,-72.55599999999991
300,41.76800000000002,-72.61999999999996
301,41.81,-72.52999999999999
302,41.78499999999998,-72.537
303,41.78199999999999,-72.53600000000002
304,41.772000000000006,-72.543
305,41.77099999999999,-72.52099999999997
306,41.807,-72.557
307,41.723,-72.76300000000002
308,41.336999999999996,-72.10699999999999
309,38.979000000000006,-76.93900000000001
310,38.986,-76.95399999999998
311,39.013000000000005,-76.98199999999999
312,39.01300000000002,-76.98299999999998
313,41.80700000000001,-72.54599999999998
314,41.758,-72.567
315,41.303000000000004,-72.24199999999999
316,41.300000000000004,-72.24400000000001
317,41.761,-72.74299999999997
318,41.762,-72.741
319,42.37199999999999,-71.122
320,41.76,-72.741
321,41.780999999999985,-72.532
322,41.800999999999995,-72.50800000000001
323,41.81399999999998,-72.51199999999997
324,41.811,-72.51299999999998
325,41.80200000000001,-72.304
326,41.797000000000004,-72.423
327,41.76499999999999,-72.52499999999999
328,41.814000000000206,-72.26099999999967
329,41.813999999999965,-72.26000000000013
330,41.81500000000004,-72.26100000000001
331,41.81199999999993,-72.26000000000015
332,41.818,-72.265
333,41.815,-72.259
334,41.81500000000104,-72.26200000000169
335,41.808,-72.26100000000002
336,41.81100000000003,-72.26099999999998
337,41.813999999999986,-72.27099999999999
338,41.81100000000002,-72.25799999999987
339,41.505,-73.04499999999999
340,41.506999999997866,-73.0540000000032
341,41.602999999999994,-73.11699999999999
342,41.507999999999946,-73.05400000000006
343,41.812999999999995,-72.261
344,41.73499999999987,-72.20099999999967
345,41.73600000000003,-72.20100000000001
346,41.734,-72.20100000000001
347,41.73400000000001,-72.202
348,41.80900000000004,-72.2579999999999
349,41.50700000000003,-73.05299999999991
350,42.336999999999996,-71.86300000000003
351,41.81299999999811,-72.25
352,41.81099999999999,-72.24899999999991
353,41.81599999999987,-72.26200000000011
354,41.817,-72.26299999999993
355,41.81500000000002,-72.263
356,41.507999999999996,-73.053
357,42.375,-71.92799999999991
358,41.29600000000001,-72.919
359,41.807,-72.538
360,41.25,-72.54600000000003
361,40.75599999999999,-73.97900000000001
362,40.23399999999999,-77.13200000000005
363,41.568,-73.009
364,41.79899999999999,-72.255
365,41.80600000000002,-72.54400000000003
366,41.769,-72.68199999999996
367,41.76800000000001,-72.68100000000001
368,41.807,-72.54700000000001
369,41.812000000000005,-72.24800000000002
370,41.808,-72.26199999999997
371,41.824999999999996,-72.27199999999998
372,41.826000000000015,-72.27099999999997
373,41.863,-72.36
374,41.741,-72.17499999999998
375,41.74099999999999,-72.17399999999999
376,41.73999999999996,-72.17700000000002
377,41.71399999999999,-72.211
378,41.71800000000001,-72.226
379,41.791999999998055,-72.23699999999785
380,41.79299999999999,-72.23800000000004
381,41.79299999999991,-72.25200000000024
382,41.80400000000001,-72.25399999999996
383,41.802000000000014,-72.25199999999997
384,41.79100000000001,-72.24900000000001
385,41.790000000000006,-72.23800000000001
386,41.788999999999994,-72.244
387,41.788000000000004,-72.24299999999998
388,41.800999999999995,-72.241
389,41.79500000000001,-72.25099999999999
390,41.790000000000006,-72.246
391,41.82600000000001,-72.274
392,41.790000000000006,-72.24800000000002
393,10.414999999999997,-85.77600000000002
394,10.294,-85.84899999999996
395,10.28800000000001,-85.58400000000006
396,9.93710000000007,-84.03099999999974
397,10.287999999999998,-85.58500000000001
398,10.304,-85.83899999999997
399,10.063999999999997,-84.23399999999998
400,41.791000000000004,-72.23800000000001
401,41.80300000000004,-72.25399999999995
402,41.827,-72.26700000000004
403,41.788999999999994,-72.24299999999997
404,41.79200000000001,-72.23800000000001
405,41.788999999999994,-72.24
406,41.788000000000004,-72.24200000000006
407,41.793,-72.25099999999999
408,41.76,-72.19499999999998
409,41.800000000000004,-72.25099999999999
410,41.799999999999976,-72.24200000000008
411,41.736,-72.202
412,41.72699999999999,-72.202
413,41.73899999999983,-72.19800000000019
414,41.793000000000006,-72.23700000000005
415,41.788999999999994,-72.241
416,41.792000000000016,-72.25
417,41.827000000000126,-72.26800000000001
418,41.827999999999996,-72.26800000000001
419,41.814000000000064,-72.24899999999985
420,41.799999999999976,-72.24299999999995
421,51.09000000000001,71.39999999999999
422,51.08899999999996,71.41100000000004
423,51.088,71.40999999999998
424,51.08899999999997,71.41000000000003
425,51.09000000000001,71.403
426,51.09200000000017,71.40699999999958
427,51.09100000000004,71.40700000000011
428,51.095000000000006,71.40499999999999
429,51.14,71.40900000000002
430,51.09000000000001,71.40499999999999
431,51.09,71.40599999999996
432,51.08899999999996,71.41200000000002
433,51.08899999999997,71.41699999999999
434,51.088999999999984,71.41799999999999
435,51.08999999999997,71.41800000000008
436,51.09000000000011,71.4189999999999
437,51.09000000000002,71.42
438,51.08899999999998,71.41499999999999
439,51.088999999999984,71.414
440,51.09000000000001,71.408
441,51.09000000000001,71.40700000000001
442,51.126999999999995,71.413
443,51.12799999999999,71.414
444,51.12799999999999,71.41700000000002
445,51.13199999999998,71.404
446,51.133,71.404
447,51.132999999999996,71.403
448,51.103,71.408
449,51.09400000000002,71.404
450,51.093,71.40700000000001
451,51.092999999999996,71.408
452,51.09000000000002,71.40899999999999
453,51.088999999999984,71.413
454,51.09000000000002,71.41699999999999
455,51.101000000000006,71.40700000000001
456,51.091,71.40599999999998
457,51.126,71.413
458,51.11900000000001,71.412
459,43.26,76.961
460,55.786000000000016,49.173
461,55.787000000000006,49.12199999999999
462,55.782,49.21899999999999
463,51.088,71.41700000000002
464,41.790000000000006,-72.239
465,41.79200000000001,-72.26599999999999
466,41.79399999999999,-72.25099999999999
467,41.80499999999999,-72.26
468,41.78699999999999,-72.241
469,41.788999999999994,-72.245
470,41.80099999999999,-72.256
471,41.80099999999997,-72.25500000000007
472,41.800000000000004,-72.25800000000001
473,41.790000000000006,-72.24699999999999
474,41.761999999999986,-72.19600000000001
475,41.73400000000001,-72.20000000000003
476,41.827,-72.26600000000003
477,41.738,-72.198
478,41.75,-72.192
479,41.759,-72.19499999999996
480,41.76,-72.19600000000001
481,41.76100000000001,-72.19600000000001
482,41.80200000000001,-72.25500000000004
483,41.757999999999996,-72.19499999999996
484,41.757,-72.19499999999998
485,41.76499999999999,-72.198
486,41.834999999999994,-72.30600000000001
487,41.834999999999994,-72.307
488,41.885,-72.29899999999999
489,41.78699999999999,-72.22399999999998
490,41.791000000000004,-72.24800000000002
491,41.808,-72.30500000000002
492,41.864000000000026,-72.36099999999993
493,41.80100000000001,-72.24199999999999
494,41.81300000000041,-72.25199999999722
495,41.82600000000001,-72.27
496,41.818,-72.26599999999999
497,41.79500000000001,-72.25599999999999
498,42.26999999999907,-71.77300000000079
499,42.19900000000003,-71.55000000000007
500,42.269999999999996,-71.77199999999996
501,41.71999999999178,-72.76100000001149
502,41.71999999999975,-72.75999999999941
503,41.80300000000003,-72.24299999999995
504,52.49600000000006,13.361999999999993
505,64.14500000000002,-21.971999999999987
506,41.10899999999748,-81.57099999999741
507,41.109000000000194,-81.5720000000001
508,41.13999999999999,-81.639
509,41.113000000000035,-81.57400000000003
510,41.122,-81.46099999999994
511,41.364999999998844,-73.07799999999827
512,41.269,-73.12800000000001
513,41.25099999999998,-73.02399999999996
514,41.33899999999997,-73.07400000000001
515,41.312000000000005,-73.05399999999999
516,41.312000000000005,-73.05500000000004
517,41.361,-73.09500000000001
518,41.236,-73.037
519,41.332,-72.98
520,41.23699999999997,-73.03600000000004
521,41.236,-73.03600000000002
522,41.721999999999994,-72.717
523,42.359,-71.09500000000001
524,42.35699999999998,-71.09300000000044
525,42.358000000000054,-71.0929999999999
526,42.361,-71.088
527,42.34999999999999,-71.05600000000003
528,41.81100000000003,-72.52299999999998
529,42.45699999999639,-71.55300000001
530,42.507000000000204,-71.58400000000007
531,42.50599999999999,-71.58500000000001
532,42.501000000000126,-71.59499999999996
533,42.50100000000001,-71.596
534,42.45699999999999,-71.55199999999995
535,42.54099999999999,-71.76200000000006
536,42.53999999999997,-71.76199999999993
537,42.51300000000001,-71.582
538,42.505999999999986,-71.58400000000003
539,42.510999999999996,-71.568
540,42.45600000000009,-71.5529999999999
541,42.45599999999998,-71.55199999999999
542,42.52499999999999,-71.759
543,42.50099999999999,-71.58400000000003
544,42.543,-71.57500000000002
545,42.417000000000016,-71.68499999999997
546,42.255,-71.79700000000001
547,42.260999999999996,-71.80299999999995
548,42.50099999999998,-71.597
549,41.81400000000002,-72.25100000000005
550,42.349000000000004,-71.09400000000002
551,42.55200000000001,-71.476
552,41.757999999999996,-72.67600000000002
553,41.76600000000001,-72.67100000000002
554,42.497,-71.58400000000005
555,42.506999999999984,-71.692
556,42.54000000000058,-71.76299999999954
557,43.654999999999994,-70.261
558,44.39100000000001,-68.20500000000001
559,44.39199999999988,-68.22299999999997
560,44.39499999999999,-68.221
561,44.303000000000004,-68.28200000000001
562,42.52699999999958,-71.5529999999999
563,42.526000000000025,-71.55299999999993
564,41.84000000000001,-72.308
565,41.34700000000062,-72.86400000000086
566,41.34799999999853,-72.86400000000133
567,41.303000000000004,-72.91700000000002
568,41.694,-72.658
569,41.742,-72.25700000000003
570,42.541000000000025,-71.76399999999997
571,42.541000000000004,-71.761
572,42.49699999999999,-71.58099999999999
573,42.52700000000004,-71.55199999999981
574,42.526999999999994,-71.761
575,42.548,-71.77600000000002
576,44.332,-71.21900000000004
577,44.332,-71.22000000000001
578,39.563000000000095,-74.38000000000015
579,39.561,-74.37699999999998
580,39.275999999999996,-74.568
581,41.82600000000001,-72.265
582,48.823999999999955,2.3337000000000074
583,48.82400000000004,2.3337999999999974
584,52.361999999999995,4.875900000000001
585,52.36199999999998,4.875799999999999
586,52.36199999999997,4.875500000000001
587,52.361999999999995,4.875600000000002
588,52.36199999999997,4.8757
589,52.36199999999997,4.876
590,52.36199999999997,4.8754
591,41.655999999999956,-70.11900000000014
592,41.65599999999996,-70.11999999999992
593,41.65499999999998,-70.119
594,41.93899999999998,-70.028
595,41.64999999999999,-70.27999999999999
596,42.49700000000001,-71.582
597,42.5,-71.58400000000003
598,42.479,-71.56999999999996
599,42.542000000000016,-71.57500000000002
600,42.49400000000002,-71.58899999999996
601,42.349,-71.22699999999999
602,42.376,-72.52
603,41.816000000000024,-72.241
604,41.80600000000001,-72.241
605,41.806,-72.24199999999999
606,40.70499999999995,-73.93399999999997
607,41.655999999999956,-72.71100000000003
608,41.810999999999844,-72.30999999999995
609,41.84899999999998,-72.36
610,41.768999999999906,-72.67600000000009
611,41.86000000000007,-72.65499999999895
612,41.83100000000001,-72.735
613,41.80999999999995,-72.26199999999993
614,41.73499999999997,-72.20200000000006
615,41.734999999999985,-72.20299999999999
616,41.31400000000007,-72.01499999999994
617,41.31399999999998,-72.01599999999999
618,41.731,-72.78999999999999
619,41.72999999999965,-72.79000000000069
620,41.43100000000001,-73.22499999999997
621,41.78199999999999,-72.73999999999998
622,41.730000000000004,-72.79099999999997
623,38.757000000000424,-90.69099999999925
624,38.758000000001424,-90.69099999999601
625,38.757999999999846,-90.68999999999963
626,38.75699999999991,-90.6900000000001
627,38.719,-90.70399999999997
628,41.81500000000004,-72.25399999999993
629,40.62799999999998,-73.60200000000003
630,40.627,-73.60199999999999
631,17.431999999999846,78.43600000000073
632,16.743,78.01199999999996
633,38.632,-90.19100000000002
634,38.76500000000003,-90.68699999999993
635,38.615,-90.49800000000003
636,38.65999999999999,-90.58500000000002
637,38.71500000000001,-90.45900000000002
638,38.71500000000002,-90.46000000000002
639,41.81199999999998,-72.51099999999998
640,41.803000000000004,-72.245
641,41.355000000000004,-72.14399999999999
642,41.79899999999999,-72.54999999999998
643,41.80200000000001,-72.24900000000001
644,41.530000000005955,-72.08500000000326
645,41.53000000000025,-72.08599999999956
646,41.38099999999999,-72.15200000000002
647,41.58399999999999,-71.991
648,41.583999999999975,-71.98900000000002
649,41.58399999999999,-71.99
650,41.51699999999994,-72.11899999999991
651,41.514,-72.10799999999998
652,41.51099999999999,-72.11400000000002
653,41.651999999999994,-72.49900000000001
654,41.528999999999996,-72.08500000000002
655,41.73900000000002,-72.19899999999991
656,41.53099999999996,-72.08500000000002
657,41.489,-72.807
658,41.545000000000044,-72.09199999999987
659,41.54700000000002,-72.09400000000004
660,42.98400000000006,-70.95799999999991
661,42.984000000000016,-70.95700000000012
662,41.53099999999999,-72.086
663,41.37699999999998,-72.14799999999997
664,41.530999999999956,-72.12399999999985
665,41.52999999999999,-72.12400000000001
666,41.531000000000006,-72.125
667,41.531000000000006,-72.09400000000001
668,41.52999999999998,-72.08400000000005
669,28.705999999999957,-81.5469999999999
670,28.706000000000042,-81.54800000000007
671,41.7169999999999,-72.59599999999968
672,41.71699999999997,-72.59699999999991
673,41.322000000000095,-71.81699999999954
674,41.321999999999996,-71.818
675,41.32100000000002,-71.817
676,41.320000000000014,-71.81600000000002
677,41.26999999999999,-72.809
678,41.370999999999995,-72.154
679,41.37,-72.154
680,41.71799999999999,-72.597
681,41.544999999999995,-72.10100000000001
682,41.550000000000004,-72.11699999999999
683,41.659,-72.67899999999999
684,41.509,-72.08899999999997
685,41.570000000000014,-72.215
686,41.37699999999998,-72.14699999999995
687,41.51100000000001,-72.13
688,41.379000000000005,-72.149
689,41.663999999999994,-72.528
690,41.568,-72.30600000000001
691,41.716,-72.59099999999998
692,41.56100000000003,-72.12700000000005
693,41.55399999999999,-72.10799999999998
694,41.64799999999999,-72.68000000000002
695,41.59500000000001,-72.41599999999997
696,41.56799999999999,-72.22499999999995
697,41.591,-72.39699999999995
698,41.56799999999999,-72.33300000000004
699,41.567,-72.30899999999998
700,41.52300000000001,-72.086
701,41.99600000000361,-72.59200000000307
702,41.99599999999999,-72.59099999999997
703,41.966,-72.793
704,41.997000000000014,-72.59200000000004
705,43.39300000000002,-72.404
706,43.39300000000002,-72.40499999999999
707,43.39200000000001,-72.40499999999999
708,43.39200000000003,-72.404
709,41.307,-72.92899999999999
710,41.30700000000001,-72.93000000000004
711,41.739000000000004,-72.60600000000001
712,41.798,-91.57500000000003
713,42.75300000000001,-98.06099999999999
714,42.75199999999997,-98.06099999999994
715,42.663000000000004,-103.46999999999996
716,41.216,-96.34899999999998
717,41.21800000000001,-106.77999999999999
718,45.49,-107.36999999999999
719,46.952000000000005,-103.53000000000004
720,47.596000000000004,-103.34000000000002
721,47.59699999999999,-103.33999999999997
722,47.945999999999955,-97.50399999999993
723,44.625,-85.75800000000002
724,47.24499999999992,-94.22500000000016
725,45.74399999999997,-84.90200000000003
726,43.122,-83.78600000000003
727,44.25799999999999,-83.44499999999998
728,41.90599999999997,-83.337
729,43.01,-75.02199999999995
730,41.800999999999966,-72.24300000000002
731,41.739,-72.20000000000002
732,41.80100000000001,-72.239
733,41.798999999999985,-72.24300000000014
734,41.71299999999999,-72.21700000000006
735,41.30700000000066,-72.59899999999274
736,41.308,-72.59899999999998
737,41.30700000000014,-72.59999999999982
738,41.308,-72.60000000000001
739,41.183,-73.253
740,41.185999999999865,-73.22299999999997
741,41.185,-73.22299999999998
742,41.18600000000003,-73.222
743,41.319,-72.59500000000001
744,41.42900000000006,-72.64800000000008
745,41.82,-72.25800000000001
746,41.82100000000001,-72.30899999999998
747,41.581000000000046,-72.92199999999983
748,41.40599999999989,-81.44000000000051
749,41.457,-81.50300000000001
750,41.65399999999805,-72.92499999999647
751,41.53199999999938,-72.76600000000202
752,41.542999999999985,-72.818
753,41.53300000000001,-72.76700000000002
754,41.532,-72.765
755,41.653999999999996,-72.92399999999999
756,41.533,-72.76600000000002
757,41.60199999999999,-72.879
758,41.530999999999985,-72.766
759,41.53999999999997,-72.76599999999976
760,41.523999999999994,-72.79600000000003
761,41.48700000000629,-72.84199999997665
762,41.48800000000008,-72.84199999999872
763,41.48700000000049,-72.84100000000032
764,42.346999999999994,-71.096
765,40.73500000000001,-74.16499999999999
766,41.8029999999999,-72.2609999999989
767,42.23699999999998,-71.43600000000002
768,41.73499999999264,-72.20600000000468
769,41.784,-72.74800000000002
770,41.74,-72.17399999999999
771,41.90799999999994,-72.19099999999989
772,41.90800000000001,-72.192
773,41.858000000000004,-72.302
774,41.266000000000034,-72.78000000000009
775,41.801000000000016,-72.24700000000001
776,41.80200000000001,-72.24399999999999
777,41.77300000000001,-72.25199999999998
778,41.761,-72.707
779,41.761,-72.67399999999999
780,41.736000000000026,-72.19800000000001
781,41.80200000000001,-72.24500000000002
782,41.80400000000005,-72.26199999999999
783,41.73800000000004,-72.19999999999995
784,42.34700000000005,-71.10400000000008
785,41.79999999999998,-72.27
786,41.776000000000074,-72.60900000000032
787,41.77599999999999,-72.60999999999999
788,41.736,-72.199
789,41.72799999999998,-72.722
790,41.75700000000002,-72.18600000000005
791,41.71900000000002,-72.28600000000004
792,41.764,-72.197
793,41.811999999999976,-72.27500000000003
794,41.812999999999995,-72.27300000000001
795,41.34799999999999,-72.86300000000003
796,41.38299999999994,-72.86499999999987
797,41.37100000000001,-72.91499999999998
798,41.348000000000006,-72.86199999999998
799,41.47699999999999,-72.81100000000002
800,41.347,-72.86199999999988
801,41.42900000000004,-72.82200000000007
802,41.32299999999999,-72.84100000000001
803,41.32,-72.87699999999998
804,41.26300000000002,-72.56199999999998
805,41.37599999999999,-72.91700000000002
806,41.248000000000026,-72.86999999999996
807,41.830000000000005,-72.282
808,41.83,-72.283
809,41.72299999999997,-72.58299999999993
810,41.83799999999193,-72.2929999999771
811,41.83700000000019,-72.29800000000013
812,41.83799999999999,-72.298
813,41.73399999999952,-72.37099999999928
814,41.81300000000004,-72.31199999999994
815,41.723,-72.58200000000001
816,41.73499999999994,-72.37099999999994
817,41.734,-72.36999999999999
818,41.733999999999995,-72.37199999999999
819,42.319,-72.62800000000001
820,41.73500000000001,-72.36999999999999
821,42.35000000000001,-71.06600000000002
822,42.02399999999992,-73.31900000000009
823,41.79400000000002,-73.39699999999995
824,41.70999999999928,-73.4330000000002
825,41.71000000000001,-73.432
826,41.80199999999892,-72.26099999999875
827,41.711999999999996,-73.42999999999998
828,41.708,-73.43499999999996
829,41.65099999999999,-73.46700000000003
830,41.501,-72.899
831,41.711000000000006,-73.43100000000001
832,41.711999999999996,-73.43100000000001
833,41.187000000000005,-73.543
834,41.03699999999993,-73.77900000000015
835,41.75999999999789,-72.18700000000354
836,41.75900000000001,-72.1870000000003
837,41.76,-72.18599999999998
838,41.738000000000035,-72.19900000000003
839,41.778999999999996,-72.33100000000002
840,39.96500000000002,-75.18000000000004
841,40.830000000000005,-73.88899999999995
842,41.759,-72.18600000000002
843,41.97400000000002,-72.87299999999999
844,43.5240000000001,-86.37600000000018
845,43.51999999999999,-86.36900000000001
846,43.52299999999999,-86.36499999999994
847,43.52800000000001,-86.365
848,41.731,-72.79200000000002
849,41.731999999999985,-72.79200000000002
850,41.73199999999999,-72.78999999999999
851,41.77999999999999,-72.668
852,44.556000000000004,-72.79499999999999
853,44.418,-72.69000000000001
854,42.236,-73.84899999999995
855,42.23700000000001,-73.84700000000005
856,41.93399999999998,-72.83500000000001
857,41.43399999999998,-71.456
858,41.778999999999996,-72.13
859,43.986,-74.46599999999998
860,41.779000000003336,-72.21199999999955
861,41.77800000000002,-72.2109999999999
862,41.806000000000004,-72.27199999999996
863,41.819,-72.265
864,41.818999999999974,-72.26600000000005
865,41.836999999999996,-72.264
866,41.471000000000004,-72.64899999999996
867,42.37200000000001,-71.116
868,41.72099999999978,-72.76099999999897
869,42.49,-71.58400000000003
870,41.728999999999985,-72.75399999999993
871,42.38999999999999,-72.52
872,41.800000000000026,-72.23199999999999
873,41.76,-72.74200000000006
874,42.27300000000001,-71.80500000000004
875,41.69399999999998,-72.77199999999995
876,48.128000000000014,11.573000000000006
877,48.13599999999998,11.576000000000002
878,48.13699999999999,11.575
879,48.147000000000006,11.572000000000001
880,52.498000000000005,13.361999999999997
881,52.49800000000003,13.363
882,52.49599999999999,13.363
883,52.49900000000002,13.270999999999997
884,52.50099999999998,13.283999999999995
885,50.96699999999999,6.9533000000000005
886,50.96699999999999,6.9535
887,50.89999999999999,6.984700000000003
888,48.869,2.350700000000001
889,51.52099999999998,-0.03590826315789474
890,51.49099999999999,-0.19440111111111114
891,42.264,-71.803
892,40.745999999999995,-73.89599999999999
893,41.756999999999984,-72.74499999999998
894,42.35899999999998,-71.11200000000002
895,41.714,-72.76300000000002
896,41.077,-81.511
897,41.07600000000001,-81.51199999999999
898,41.11000000000001,-81.57100000000001
899,41.096000000000004,-81.54300000000008
900,41.10699999999998,-81.56499999999997
901,39.966,-82.95299999999999
902,41.077,-81.52199999999996
903,41.16100000000001,-81.35900000000001
904,41.07500000000002,-81.52199999999995
905,41.509,-81.597
906,41.224,-81.511
907,41.119000000000014,-81.54899999999999
908,41.11399999999999,-81.57799999999999
909,41.73299999999996,-72.73199999999999
910,40.78300000000001,-73.95900000000003
911,40.75900000000001,-73.97000000000001
912,40.76,-73.976
913,41.68399999999998,-72.654
914,41.728,-72.80100000000002
915,42.39599999999998,-71.12100000000004
916,42.396,-71.12199999999999
917,41.760999999999996,-72.683
918,41.76,-72.74499999999999
919,41.721999999999994,-72.76199999999997
920,41.65200000000146,-71.99400000000487
921,41.652000000001415,-71.99300000000007
922,41.652999999999906,-71.99300000000014
923,41.65300000000012,-71.99400000000001
924,41.32299999999999,-72.19399999999999
925,41.32700000000011,-72.192
926,41.32799999999998,-72.192
927,41.678000000000004,-72.003
928,41.61000000000001,-71.98
929,41.313999999999986,-72.236
930,41.321999999999996,-72.20799999999998
931,38.29200000000105,-85.83100000000375
932,38.29100000000007,-85.83100000000009
933,38.29200000000002,-85.82999999999998
934,41.77800000000001,-71.95100000000001
935,41.51100000000019,-72.11700000000015
936,41.67599999999997,-71.91400000000009
937,41.56100000000002,-71.81399999999998
938,41.425999999999995,-71.62800000000001
939,41.425999999999995,-71.629
940,41.58300000000004,-71.91299999999993
941,41.74300000000006,-72.17299999999993
942,41.48800000000038,-72.8410000000003
943,41.486999999999995,-72.807
944,41.48700000000002,-72.808
945,41.488000000000014,-72.808
946,41.46999999999999,-72.817
947,41.45299999999989,-72.87299999999965
948,41.45299999999998,-72.87399999999988
949,41.50199999999999,-72.83299999999986
950,41.488,-72.807
951,41.47699999999999,-72.80999999999999
952,41.48699999999999,-72.84000000000002
953,41.504000000000005,-72.67499999999998
954,41.453999999999986,-72.87400000000001
955,41.45600000000004,-72.86700000000012
956,41.49400000000001,-72.903
957,41.47000000000001,-73.33399999999995
958,41.46999999999996,-73.33299999999998
959,41.45399999999999,-72.87300000000003
960,41.469,-73.33299999999998
961,41.48900000000002,-72.84000000000005
962,41.48899999999999,-72.83899999999997
963,41.487999999999815,-72.79100000000012
964,41.40799999999996,-73.41699999999994
965,41.481999999999985,-72.827
966,41.39300000000002,-73.23299999999996
967,41.37899999999993,-73.45700000000015
968,39.32499999999991,-76.625
969,39.325999999999894,-76.625
970,39.285000000000025,-76.58599999999991
971,39.28099999999996,-76.645
972,39.25,-76.669
973,39.721999999999994,-76.65499999999999
974,41.796,-72.39500000000001
975,41.45199999999414,-72.89300000000404
976,41.653999999999996,-73.19499999999998
977,41.452000000000034,-72.89199999999992
978,41.31800000000001,-73.03499999999988
979,41.518000000000015,-72.87599999999999
980,41.505,-72.808
981,41.505,-72.807
982,41.47600000000002,-72.90699999999998
983,41.69100000000005,-72.7450000000002
984,41.69100000000002,-72.74600000000005
985,40.725999999999935,-73.97999999999973
986,40.715999999999994,-73.99299999999995
987,40.74,-73.99700000000001
988,41.48799999999986,-72.79000000000053
989,41.495999999999995,-72.90200000000002
990,41.484999999999964,-72.913
991,41.300999999999576,-72.93399999999826
992,41.303000000000004,-72.93399999999998
993,41.302000000000035,-72.93400000000014
994,41.30399999999999,-72.93399999999998
995,41.304999999999986,-72.93399999999998
996,38.817,-77.058
997,33.85099999999997,-117.96999999999996
998,41.03499999999998,-73.77
999,41.300999999999995,-72.93499999999997
1000,41.48500000000001,-72.912
1001,41.30100000000001,-72.933
1002,41.308,-72.932
1003,41.538000000000004,-72.85799999999998
1004,41.48499999999996,-72.92900000000004
1005,41.336000000000006,-72.899
1006,41.30200000000001,-72.933
1007,34.00500000000009,-117.96999999999997
1008,34.00600000000005,-117.97000000000043
1009,33.99,-117.93000000000005
1010,34.03499999999999,-118.31999999999995
1011,33.995,-117.91
1012,34.077,-118.47000000000001
1013,33.846,-117.96999999999991
1014,33.84499999999998,-117.97000000000044
1015,33.82099999999995,-117.98999999999982
1016,41.335000000000775,-72.10300000000258
1017,41.48699999999999,-72.912
1018,41.545,-72.86400000000002
1019,41.38599999999998,-72.82000000000002
1020,41.86000000000003,-72.32899999999998
1021,33.75399999999993,-78.80700000000022
1022,33.75199999999998,-78.80699999999996
1023,33.75,-78.808
1024,41.61400000000132,-73.1170000000045
1025,41.7790000000003,-72.20999999999947
1026,41.77799999999902,-72.21000000000164
1027,41.80100000000001,-72.25800000000002
1028,41.61399999999978,-73.116
1029,41.76399999999997,-72.68800000000006
1030,41.803000000000004,-72.32400000000001
1031,41.61300000000001,-73.11700000000008
1032,41.628999999999934,-73.1490000000001
1033,41.628000000000014,-73.14899999999997
1034,41.563999999999645,-73.05500000000025
1035,41.565000000000026,-73.05500000000005
1036,41.59300000000002,-73.10999999999999
1037,41.636,-73.11199999999998
1038,41.628999999999984,-73.14799999999998
1039,41.629000000000005,-73.14699999999998
1040,41.346000000000004,-72.57999999999998
1041,42.39800000000068,-71.29700000000157
1042,42.39700000000047,-71.2969999999994
1043,42.39699999999997,-71.29799999999987
1044,42.39800000000007,-71.29799999999989
1045,42.24,-70.991
1046,38.871999999999986,-86.51899999999999
1047,39.182,-86.515
1048,39.18200000000001,-86.51600000000002
1049,41.80200000000001,-72.25800000000001
1050,41.81100000000001,-72.278
1051,41.811,-72.27500000000003
1052,42.245,-71.04499999999999
1053,55.584999999999475,13.068000000000119
1054,55.585,13.067000000000005
1055,55.58599999999991,13.06600000000001
1056,59.929999999999964,10.868
1057,59.37899999999997,18.009999999999994
1058,59.37899999999996,18.008
1059,59.37899999999996,18.00900000000001
1060,41.79899999999921,-72.23699999999677
1061,41.80500000000012,-72.241
1062,41.81799999999999,-72.25299999999997
1063,41.81799999999999,-72.25500000000004
1064,42.21,-71.18399999999998
1065,42.397000000000006,-71.29600000000002
1066,42.333,-71.27999999999999
1067,42.306,-71.399
1068,41.81299999999987,-72.25599999999996
1069,41.805,-72.24
1070,41.81300000000007,-72.25699999999986
1071,41.80399999999999,-72.24
1072,41.36699999999999,-72.913
1073,41.83800000000001,-72.27600000000004
1074,41.264,-72.563
1075,41.83899999999997,-72.27600000000005
1076,41.72899999999999,-72.63099999999996
1077,41.759,-72.619
1078,41.759,-72.61799999999998
1079,41.812999999999995,-72.26399999999998
1080,41.71699999999999,-72.78299999999996
1081,41.296000000000035,-72.20600000000002
1082,42.376,-71.25300000000001
1083,41.83100000000001,-72.22800000000004
1084,41.79300000000003,-72.2439999999999
1085,41.79399999999999,-72.24400000000001
1086,41.797000000000004,-72.25199999999998
1087,41.82999999999996,-72.22800000000005
1088,41.82999999999999,-72.22900000000001
1089,41.365,-72.21000000000001
1090,41.321999999999996,-71.807
1091,42.13699999999999,-71.068
1092,41.802000000000035,-72.26000000000015
1093,41.83399999999998,-72.461
1094,41.811999999999976,-72.27599999999913
1095,41.810999999999986,-72.27599999999995
1096,41.800999999999995,-72.254
1097,41.889,-72.77600000000004
1098,41.88800000000002,-72.77700000000002
1099,41.425000000000004,-72.403
1100,41.76,-72.74400000000001
1101,41.86199999999997,-72.30199999999998
1102,42.207999999999984,-71.09899999999996
1103,42.207999999999984,-71.101
1104,43.693000000000126,-73.22099999999976
1105,43.692,-73.221
1106,41.838000000000925,-72.29399999999616
1107,41.832999999999984,-72.28400000000003
1108,41.859999999999935,-72.35599999999991
1109,41.86000000000037,-72.35500000000076
1110,41.836999999999996,-72.294
1111,41.837000000000025,-72.29299999999989
1112,41.84199999999999,-72.667
1113,41.69400000000123,-72.69199999999898
1114,41.693999999999974,-72.69099999999989
1115,41.836000000000006,-72.28600000000002
1116,41.83100000000001,-72.28299999999999
1117,41.69500000000001,-72.692
1118,41.836999999999996,-72.29199999999997
1119,41.838,-72.28600000000003
1120,41.85899999999999,-72.355
1121,41.83899999999998,-72.29300000000003
1122,41.73700000000006,-72.79199999999999
1123,41.83800000000001,-72.29200000000002
1124,41.841,-72.287
1125,41.70899999999971,-72.65600000000076
1126,41.70799999999997,-72.65600000000002
1127,41.832,-72.28399999999999
1128,41.69000000000001,-72.65499999999999
1129,41.693,-72.69100000000002
1130,41.834,-72.285
1131,41.73800000000003,-72.79199999999997
1132,41.839,-72.294
1133,41.163000000000004,-74.51800000000001
1134,41.163000000000004,-74.51700000000001
1135,41.83899999999996,-72.29099999999998
1136,35.342999999999996,-80.44700000000005
1137,41.70499999999999,-72.66100000000002
1138,42.620999999999995,-72.87599999999999
1139,41.81600000000001,-72.24900000000001
1140,41.42100000000003,-72.81300000000006
1141,41.812999999999995,-72.24800000000002
1142,42.42899999999999,-72.08899999999997
1143,42.42700000000001,-72.087
1144,41.68,-72.65700000000001
1145,41.68899999999998,-72.65599999999998
1146,41.707999999999984,-72.653
1147,43.707999999999934,-73.02800000000009
1148,43.61699999999998,-72.80400000000003
1149,43.617,-72.80500000000004
1150,43.61599999999999,-72.79999999999998
1151,41.769,-72.678
1152,40.769,-73.97699999999999
1153,41.33399999999999,-72.10400000000001
1154,41.33399999999995,-72.10300000000005
1155,41.33500000000002,-72.10199999999993
1156,41.336000000000006,-72.10600000000001
1157,41.33500000000001,-72.105
1158,41.32000000000001,-72.06399999999998
1159,41.317,-72.063
1160,41.35399999999999,-72.09400000000002
1161,41.35000000000001,-72.463
1162,41.351000000000006,-72.46399999999998
1163,41.35000000000001,-72.07799999999999
1164,41.35000000000001,-72.07899999999998
1165,41.353,-71.99199999999999
1166,41.353,-71.991
1167,41.414000000000044,-71.99600000000007
1168,41.354,-72.389
1169,41.05400000000002,-73.823
1170,41.055,-73.822
1171,41.055000000000014,-73.82299999999998
1172,41.33300000000014,-72.10499999999963
1173,41.897999999999925,-74.0570000000005
1174,41.89800000000005,-74.05599999999981
1175,41.291000000000004,-72.42399999999999
1176,41.334999999999994,-72.06100000000002
1177,43.32200000000008,-70.58200000000002
1178,43.322999999999986,-70.58199999999997
1179,41.896999999999956,-74.05699999999986
1180,41.89600000000008,-74.05699999999986
1181,42.453999999999844,-71.13800000000012
1182,42.38,-71.12199999999999
1183,42.48699999999998,-71.096
1184,41.32100000000001,-72.37599999999999
1185,41.34300000000003,-72.116
1186,41.912,-72.31500000000003
1187,41.89200000000003,-72.31099999999999
1188,41.879000000000005,-72.40499999999999
1189,41.875,-72.39899999999996
1190,41.731,-72.23399999999997
1191,41.540000000000276,-71.88300000000025
1192,41.63800000000001,-71.95299999999999
1193,41.46300000000005,-72.90999999999993
