,lat,lon
0,41.80676128421054,-72.25311835263153
1,41.80671344,-72.25316880000001
2,41.80378540925759,-72.25257511118906
3,41.80407666017476,-72.25241671569792
4,41.80464110000001,-72.25267069999998
5,41.80644470192307,-72.25511179673086
6,41.80646985328381,-72.25545182614381
7,41.80464154500002,-72.25289500000002
8,41.8060555,-72.253661385
9,41.80914444927533,-72.25653538840575
10,41.75545637101109,-72.21104111323372
11,41.81133989166662,-72.25420540694445
12,41.81111412962963,-72.25400304444445
13,41.8112010132353,-72.2541413073529
14,41.80720096631576,-72.25387866831578
15,41.807164199999995,-72.253966
16,41.80415530000001,-72.24897039999999
17,41.80657563660251,-72.24976675980892
18,41.80640691658756,-72.25053658459726
19,41.80417924285715,-72.24906934000002
20,41.80426940000003,-72.25275619999994
21,41.804673699999995,-72.25238609999998
22,41.80690446470598,-72.25428290000004
23,41.80571529999999,-72.25357140999998
24,41.80811374999999,-72.25290629999996
25,41.81020811363638,-72.25421713181821
26,41.8065955590909,-72.25298810000002
27,41.807050675,-72.25421025
28,41.80726065769232,-72.25320325384615
29,41.805977200000015,-72.25301235000003
30,41.80400360000008,-72.25235710000008
31,41.80394625946055,-72.25235715258026
32,41.8042094,-72.25567700000005
33,41.8091280325,-72.25758419500002
34,41.8066562513157,-72.25033932697379
35,41.8058641,-72.25002679999996
36,41.80641576273965,-72.25030441620984
37,41.80359990914576,-72.25242879093281
38,41.801245419999994,-72.25498079999996
39,41.80698409999996,-72.25423615
40,41.80747710749996,-72.25504297430561
41,41.80384617643778,-72.25233994910879
42,41.80394985263158,-72.25261162631578
43,41.80655079999998,-72.25022737894737
44,41.809040619047636,-72.25642176666666
45,41.80402654384615,-72.24899128153848
46,41.80517830000001,-72.25460670000004
47,41.80955030000014,-72.2575919499997
48,41.804745499999996,-72.25354270000001
49,41.80684999999998,-72.24896764999997
50,41.80662377894732,-72.25011929999994
51,41.80452379999998,-72.25047024000008
52,41.80632047681805,-72.2502979563635
53,41.81053203,-72.25359855
54,41.806516218750026,-72.25279671249997
55,41.803950750555515,-72.25271309944448
56,41.806942799999995,-72.2539861
57,41.809454106249994,-72.25760223125
58,41.8061854,-72.25228659999995
59,41.8072741716346,-72.25342450961534
60,41.80665042539189,-72.2507674705332
61,41.806718850000266,-72.25063574999983
62,41.80402619999997,-72.24863890000005
63,41.772192407324965,-72.25133997279868
64,41.55675071104493,-72.02197901949562
65,41.58141352142113,-71.99844378789653
66,41.80648645343283,-72.2559461189553
67,41.80498649999999,-72.2530801
68,41.80659568,-72.25319621600003
69,41.80628320000001,-72.25326510000001
70,41.813614899999976,-72.25437540000001
71,41.80736550000003,-72.25470468421054
72,41.80683629999999,-72.25437539999999
73,41.80957152727273,-72.25715109999999
74,41.80581354266666,-72.25230615200002
75,41.80659611951216,-72.25002680000006
76,41.80531034,-72.24956410000003
77,41.80605208368422,-72.25387030473685
78,41.807960969999996,-72.25437078000002
79,41.810632599999984,-72.2543291
80,41.807187,-72.25270995000002
81,41.8067586,-72.25121078999999
82,41.80544600000001,-72.2484554
83,41.8053534,-72.25215479999999
84,41.806694,-72.25200348750002
85,41.806666799999995,-72.25224929999996
86,41.8068809,-72.2520567
87,41.806529099999956,-72.25211390000003
88,41.80678633000001,-72.25322743000001
89,41.805343,-72.2455853
90,41.813524900000004,-72.2542829
91,41.80659500000001,-72.25826129999999
92,41.80738860909089,-72.2549305
93,41.58652465,-71.98931259999999
94,41.5890083,-71.95404200000002
95,41.556978285,-72.022307095
96,41.55728779444442,-72.02240456712418
97,41.808263326899414,-72.25486056614565
98,41.80755875,-72.25348596999997
99,41.806313600000024,-72.24919399999999
100,41.80919970000008,-72.25622549999977
101,41.80976929999998,-72.2565240000002
102,41.80893073846154,-72.25742859999997
103,41.80744220000001,-72.25280250000002
104,41.80768506176471,-72.25284869999997
105,41.810361404999995,-72.25617181425005
106,41.81033989999999,-72.25604079999998
107,41.81023480312499,-72.25585105625
108,41.80960275000002,-72.25644111000005
109,41.80493209999999,-72.25282429999999
110,41.80710999999997,-72.2544679
111,41.80402613571429,-72.24878652142858
112,41.80583709999999,-72.25571489545455
113,41.8013654,-72.25099820000001
114,41.80650406067419,-72.25039680000008
115,41.805881948888874,-72.25602127333335
116,41.81010979999999,-72.25622550000001
117,41.808023299999995,-72.25520809999999
118,41.806760299999986,-72.25058190000001
119,41.80679052817193,-72.25053558139795
120,41.80656083641302,-72.25186550434779
121,41.809708523333335,-72.25657896583333
122,41.8060302,-72.2528965
123,41.81043,-72.25613330000003
124,41.80636299999999,-72.25530060000003
125,41.807678499999994,-72.25546519999995
126,41.80615265583333,-72.25570662916665
127,41.8056772,-72.25016550000002
128,41.80728779999999,-72.25479942499999
129,41.80749154999996,-72.25449350000005
130,41.80488139999994,-72.25349640000003
131,41.8055075,-72.25974970000001
132,41.80901960000002,-72.25567070000002
133,41.80902999999994,-72.25206919999994
134,41.81085965655739,-72.25576471803274
135,41.81088366695653,-72.25567051217395
136,41.810800949999994,-72.25568052000003
137,41.81032335217392,-72.2562657347826
138,41.81051312,-72.25604079999995
139,41.80807192380952,-72.25464949333332
140,41.80663470000001,-72.25192349999999
141,41.80698280000001,-72.25150710000001
142,41.80673752543864,-72.25187720000012
143,41.80679314999998,-72.25178469999993
144,41.80684540576272,-72.25162475762781
145,41.80672509270404,-72.25178469999997
146,41.8069352,-72.25241587999999
147,41.8066953,-72.25183100000002
148,41.806259453846145,-72.24965670000003
149,41.80990964250002,-72.25701406749997
150,41.80624,-72.2503043
151,41.80400794249998,-72.24853970424998
152,41.80344639999999,-72.25247865000003
153,41.806666302777764,-72.25187812222221
154,41.80575169999998,-72.25039680000005
155,41.80616640000001,-72.24826879999999
156,41.80647550000002,-72.2502118000001
157,41.806820900000005,-72.25048939999996
158,41.8084007,-72.2549768
159,41.809474899999984,-72.25770620000002
160,41.809550299999984,-72.25770620000002
161,41.810179721428575,-72.25599865714287
162,41.807632000000005,-72.25502299999997
163,41.807516449999994,-72.25511559999998
164,41.804954864999985,-72.25348430000001
165,41.80616285000001,-72.250952
166,41.8099001,-72.25682719999999
167,41.80700609999999,-72.25331140000002
168,41.80457479999998,-72.25290840000001
169,41.80859639999998,-72.2539308
170,41.80534960000001,-72.25224109999999
171,41.806733099999995,-72.25601559999998
172,41.806544699999996,-72.25353954999997
173,41.81024200000001,-72.25574660000001
174,41.810536500000005,-72.25585579999998
175,41.80723719000001,-72.2530801
176,41.810455,-72.25658469999999
177,41.810399409999995,-72.25648832
178,41.8102265,-72.25615645000002
179,41.809227800000016,-72.25169265
180,41.809147450000005,-72.25150710000001
181,41.80695329999994,-72.25132209999995
182,41.806597050000015,-72.25216789999998
183,41.806480699999994,-72.24882389999998
184,41.8056747375,-72.25206225625001
185,41.806968100000006,-72.25141459999999
186,41.806650299999994,-72.25178469999996
187,41.80890835000001,-72.25287669999999
188,41.80674039999998,-72.2524354
189,41.80651439999999,-72.25193364999998
190,41.8062832,-72.25317259999998
191,41.804862899999996,-72.25830760000004
