,lat,lon
0,41.83792137564336,-72.29344518674475
1,41.80955333967589,-72.25698080605106
2,41.80550749999997,-72.25974970000013
3,41.81046101320053,-72.25647453906588
4,41.8108183714285,-72.25572309609025
5,41.810552954285654,-72.25574959428582
6,41.810603495049556,-72.25524831277254
7,41.80672170000001,-72.25700129999998
8,41.80819135000001,-72.25770009999998
9,41.80489174092527,-72.25349069893649
10,41.804641544999974,-72.25289499999991
11,41.80367720141742,-72.25240985917048
12,41.4466695299998,-71.49100768000044
13,41.44716830122641,-71.49108533613209
14,41.7618604406687,-72.33259439699084
15,41.381352503636364,-71.67715343272727
16,41.809633299999994,-72.2560556625
17,41.808615100000004,-72.2564109
18,41.80790282390246,-72.25627186146343
19,41.806243,-72.2549442
20,41.80666637866673,-72.25314120491667
21,41.806890897142836,-72.25397624571426
22,41.80724687121684,-72.25323264804207
23,41.80723456453993,-72.25373686142639
24,41.80676481903226,-72.25377804193552
25,41.80954717516436,-72.2554283024884
26,41.80895465274728,-72.2556611395604
27,41.816432759999834,-72.2569827200003
28,41.81346950419635,-72.25418450566949
29,41.80528694316703,-72.24532702705851
30,41.80424940000003,-72.25100030000002
31,41.8040829,-72.25277934999998
32,41.8049865,-72.25308009999999
33,41.80605960911763,-72.25379839536767
34,41.806340505142835,-72.25419270771427
35,41.80733711733333,-72.25418267566667
36,41.808245199999995,-72.25602219999999
37,41.81026613965516,-72.2553611276293
38,41.81269916431481,-72.25426597451742
39,41.807457989999996,-72.25483800000002
40,41.806332600000005,-72.25832190000003
41,41.806985563473106,-72.25424793083826
42,41.8042094,-72.255677
43,41.8064934,-72.25809449999998
44,41.80742770000003,-72.25335759999994
45,41.807669499841296,-72.2549732952381
46,41.81391526021271,-72.25420836418435
47,41.813085300000004,-72.25462590000001
48,41.80940110435482,-72.2549042343548
49,41.80706058399999,-72.25452140159999
50,41.80364825,-72.25076690000002
51,41.805733315106,-72.2514949
52,41.80663196547862,-72.25211822163237
53,41.80733733,-72.252778595
54,41.81043,-72.2548325
55,41.80872260500001,-72.257067615
56,41.8103557937143,-72.25587028714284
57,41.80519144104143,-72.24340193350714
58,41.804694667647055,-72.24361816588237
59,41.85529596000001,-72.34197722999997
60,41.85614330012986,-72.34365083000009
61,41.86182362,-72.3586562700001
62,41.64896639999999,-72.498644
63,41.80426939999998,-72.25275620000001
64,41.70845130843749,-72.65611585034489
65,41.70560152999998,-72.66178833999999
66,41.70197311999993,-72.65896820000012
67,41.708145549999976,-72.66448141
68,41.711247930000006,-72.66397935
69,41.72018899,-72.66059488999998
70,41.718593414999994,-72.65934825
71,41.85986389888887,-72.35325427444442
72,41.855646550000024,-72.34283367999993
73,41.70297330114282,-72.66004774000002
74,41.693891217428465,-72.69159392498827
75,41.71699783999998,-72.65810160999996
76,41.81547622000001,-72.25650362
77,41.813321381538465,-72.25480632615383
78,41.81132489916666,-72.25449145383332
79,41.80866874507147,-72.2575228245715
80,41.809659809999985,-72.25868104000003
81,41.81015740075278,-72.25569034
82,41.80664245,-72.2597497
83,41.809760099999956,-72.25840049999994
84,41.80733702631579,-72.2546001757895
85,41.80750617627655,-72.2529476402129
86,41.80841813999997,-72.25451997999998
87,41.81271879,-72.25452528
88,41.808479580000025,-72.25377682999999
89,41.80638399285714,-72.2538093142857
90,41.8123467,-72.25438790000001
91,41.81100537203388,-72.25436180135591
92,41.80695886,-72.25298785
93,41.807198294805126,-72.25269624681816
94,41.806498970588244,-72.24900534470589
95,41.8061389399083,-72.24896305321104
96,41.806245600000004,-72.2485609
97,41.80679180414636,-72.24887963670727
98,41.8092076376923,-72.25065746153847
99,41.81047279999999,-72.2520089
100,41.80987774000003,-72.25548570000001
101,41.80960275000001,-72.25644111000003
102,41.80809719,-72.25380953
103,41.80498892714286,-72.25277933999999
104,41.803370295,-72.252905085
105,41.73216484,-72.79810519000006
106,41.73727629333333,-72.79151893333334
107,41.73751113749999,-72.7916299825
108,41.73712465333333,-72.79183790666667
109,41.8116256,-72.2537533
110,41.80996206750004,-72.25613763437491
111,41.806987864462826,-72.25238208396689
112,41.804491060000004,-72.24611031666666
113,41.8066083,-72.2442654
114,41.80590676,-72.245564422
115,41.80531034,-72.2495641
116,41.8061854,-72.25228659999995
117,41.80490303703706,-72.24506172592586
118,41.80442743524662,-72.24447587726455
119,41.80530623000002,-72.24638009999995
120,41.804808799999996,-72.245994
121,41.8086927,-72.25546089
122,41.80653679090911,-72.25290220363638
123,41.80796097,-72.25437078
124,41.80771534038461,-72.25550620038459
125,41.81657453000001,-72.25675666999999
126,41.80899523342106,-72.25462131657895
127,41.811131749999994,-72.25504637499999
128,41.8105241625,-72.25791056999999
129,41.81095804705883,-72.25657001470596
130,41.810862545,-72.259356435
131,41.81115745,-72.25930725
132,41.811367753750005,-72.2596763
133,41.811352129999996,-72.26042063
134,41.81113699428572,-72.25695472285713
135,41.81135213,-72.2579695
136,41.8059886,-72.2555782
137,41.836966254000004,-72.29307601400001
138,41.80768040499999,-72.25217005
139,41.807998860714285,-72.25126589642858
140,41.807402200000006,-72.24861072
141,41.80625330000006,-72.24965669999992
142,41.806668269999996,-72.24976326
143,41.80446607272727,-72.24506523090908
144,41.80597845,-72.24717454999998
145,41.80581403499998,-72.24894595500001
146,41.807401000000006,-72.25638775000002
147,41.80750428269229,-72.25511559999997
148,41.80296504,-72.25201962000001
149,41.803863110000016,-72.25548018000003
150,41.803751659999996,-72.25557814000003
151,41.840933700000015,-72.31924894999999
152,41.85720729715166,-72.3458710122422
153,41.86000892854544,-72.35555219709084
154,41.86016976999998,-72.35338756000003
155,41.8605855,-72.35194736
156,41.812032359999996,-72.55556512
157,41.83919716000001,-72.31676986000001
158,41.69804607,-72.65790605
159,41.69804606999997,-72.65595064999994
160,41.68421052999998,-72.65476331999999
161,41.697750649999996,-72.65785724
162,41.68558744,-72.65474561
163,41.687165575,-72.65501969
164,41.693681999000006,-72.65781608950002
165,41.707781439999984,-72.66185095999998
166,41.708247867500006,-72.6553822125
167,41.711570304999995,-72.65323326
168,41.41846671500001,-72.81029855500002
169,41.42074674000001,-72.81274978
170,41.420997920999994,-72.8129745925
171,41.41618668999994,-72.8078473300001
172,41.480174960000035,-72.76950583999998
173,41.70967842000001,-72.65626554000002
174,41.787627779999994,-72.56500459999998
175,41.817722100000005,-72.5785183
176,41.81222408999998,-72.55520557999995
177,41.80958943999998,-72.55174357000001
178,41.80958944,-72.55039363000002
179,41.80868626,-72.55085078
180,41.74433170999999,-72.66099126999998
181,41.447286209999994,-71.49069484
182,41.447624038,-71.49123143
183,41.68874370999999,-72.65529377
184,41.70234989999997,-72.65778568499998
185,41.67269475,-72.64594018000001
186,41.67499294,-72.65311496
187,41.810702170000006,-72.25695799000003
188,41.85419671,-72.36544382
189,41.81159301212119,-72.25320860000005
190,41.811401165,-72.25412959999996
191,41.81054285,-72.25400529999999
192,41.811320329333384,-72.25371057800008
193,41.810780570000006,-72.25456387500002
194,41.81078057,-72.25501255
195,41.68009037000001,-72.65700452000006
196,41.74919839,-72.6589682
197,41.812746719333376,-72.24924381742859
198,41.813189281486665,-72.249937930615
199,41.852548070000005,-72.3372425
200,41.86002225279997,-72.35531400300015
201,41.73406834818182,-72.20105655090907
202,41.66169847000001,-72.35532435999995
203,41.8092833,-72.26142630000001
204,41.81320716355563,-72.2491978301851
205,41.75020374000001,-72.66769625
206,41.81377328179197,-72.24887033172035
207,41.80803000000002,-72.25839140000001
208,41.8062381,-72.2532188
209,41.80861099999999,-72.25518884999998
210,41.8020787,-72.25358890000001
211,41.80767145,-72.2538665
212,41.80875078127655,-72.25442735744679
213,41.810065600000186,-72.2558556000003
214,41.80932829999997,-72.25953713999996
215,41.80240553666667,-72.24106347333333
216,41.80807170000002,-72.25089780000003
217,41.80789299999999,-72.24965670000003
218,41.80498970000001,-72.24466029999999
219,41.80599619999999,-72.24521934999997
220,41.80667970000001,-72.24391999999999
221,41.8066557,-72.24409820000001
222,41.8063136,-72.24919399999999
223,41.8067593,-72.2542475
224,41.804391515,-72.25358890000001
225,41.80920932,-72.2519698
226,41.8061722,-72.2546992
227,41.81053203,-72.25359855000002
228,41.81081530000001,-72.2541178
229,41.84919793999998,-72.32823321
230,41.81345569999998,-72.24863889999983
231,41.809268100000004,-72.253959
232,41.81275739272726,-72.25096319999999
233,41.81361677999999,-72.25280161999999
234,41.814169201578935,-72.25502271000003
235,41.81097855000003,-72.25485721999995
236,41.81154251842106,-72.25439072578949
237,41.83724183000001,-72.31227728
238,41.80628179999998,-72.2477417
239,41.8064445,-72.25511180000001
240,41.80636299999997,-72.25530059999996
241,41.80821955,-72.26006439000001
242,41.81119669999999,-72.25417366000006
243,41.8103365,-72.26154429999998
244,41.80804302053571,-72.25522863616064
245,41.80761979999996,-72.25243240000003
246,41.80537929999999,-72.2484538
247,41.8056908,-72.24962940000002
248,41.80409956636365,-72.2449230109091
249,41.80626390666663,-72.2481781083334
250,41.806697500000006,-72.24848548999995
251,41.80974814999995,-72.25525909999995
252,41.80647728000001,-72.24925901999998
253,41.80616284999998,-72.250952
254,41.80636060000004,-72.25207229999997
255,41.8049315,-72.25412095
256,41.81344482999999,-72.25203609000003
257,41.813034456,-72.254119852
258,41.8088047,-72.2530801
259,41.806023450000005,-72.25288766666668
260,41.8089600175,-72.25813662249999
261,41.73485698000001,-72.19970242
262,41.73453117999999,-72.20187416
263,41.8093397493043,-72.2499305086084
264,41.809113107,-72.249768717
265,41.80904035,-72.2483853
266,41.80960206999999,-72.24818735999999
267,41.80928312999999,-72.24947312
268,41.809047802727235,-72.25015173836371
269,41.80868897,-72.24951582
270,41.80840089999999,-72.250952
271,41.808668787105255,-72.25112484210524
272,41.807838459999985,-72.25258762
273,41.8056719,-72.25356579999996
274,41.80517830000001,-72.25460670000002
275,41.807673335,-72.251624785
276,41.810527139999984,-72.24947244500002
277,41.8103721,-72.24889314
278,41.8076906,-72.24749659999999
279,41.80861793444444,-72.25063909222223
280,41.80963787192306,-72.2510348821154
281,41.81025224166666,-72.24973164166667
282,41.81127765000001,-72.24903210000001
283,41.8087995,-72.2498091
284,41.8101167,-72.2481955
285,41.80990157272726,-72.24734349999996
286,41.80947469,-72.24813
287,41.81095720375001,-72.24877402
288,41.816958369999995,-72.25717939000002
289,41.81316876333333,-72.25172430333333
290,41.806671,-72.25439185
291,41.80656800999999,-72.24578304
292,41.8031533831105,-72.2538033689565
293,41.80480331,-72.254309995
294,41.80597689,-72.25228659999999
295,41.806324995000004,-72.25230624999999
296,41.8070136,-72.25201609999999
297,41.80643500000001,-72.25238957329398
298,41.8058615,-72.25312635
299,41.805910100000006,-72.252448627921
300,41.81019700000001,-72.25062529999997
301,41.76924276,-72.67797298999996
302,41.81057276000001,-72.25250422999997
303,41.80931840000002,-72.25530060000004
304,41.8070255,-72.25543940000001
305,41.81100659999997,-72.25502300000005
306,41.809405125000005,-72.25835534500001
307,41.808513399999995,-72.25308009999999
308,41.8078932,-72.2527699
309,41.806309999999996,-72.2517244
310,41.80452379999999,-72.25047024000001
311,41.80555153,-72.25020741000002
312,41.804795500000004,-72.24669585
313,41.80441181,-72.24584447125001
314,41.806020663478236,-72.24863538434788
315,41.85956708999999,-72.35140804000001
316,41.81271729999999,-72.2487314
317,41.80747562,-72.2558871
318,41.812964404,-72.25449074
319,41.8101557,-72.2529875
320,41.8057517,-72.2503968
321,41.805734791500015,-72.2433167815
322,41.8076843,-72.24679735
323,41.8098836,-72.2501193
324,41.8082196,-72.2475626
325,41.81555919000001,-72.25751234499997
326,41.85397487,-72.60567063
327,41.80739830000001,-72.25317259999998
328,41.810238,-72.251137
329,41.8083991,-72.2540858
330,41.807388800000005,-72.25238790000002
331,41.80386277894736,-72.25155406842107
332,41.8061861,-72.25564915
333,41.80634885124999,-72.25447195125
334,41.8067331,-72.2560156
335,41.807546800000004,-72.257364445
336,41.8072456,-72.25765990000001
337,41.80703945,-72.2514609
338,41.8125058,-72.2509486
339,41.806902400000006,-72.25039679999999
340,41.806416999999996,-72.250539
341,41.80663429615385,-72.25054669230772
342,41.804961799999994,-72.24945131000003
343,41.80612250000001,-72.24560440000002
344,41.80654470000001,-72.25353955000001
345,41.80987162200002,-72.25522031899999
346,41.80970244428572,-72.25580489000001
347,41.8104176,-72.2593716
348,41.811938500000004,-72.24944592
349,41.803065000000004,-72.54518845
350,41.853374519999996,-72.33806161999999
351,41.80499404000005,-72.24418921999997
352,41.80470693,-72.2431385
353,41.8045217,-72.24330140000001
354,41.80446385945947,-72.24236914972975
355,41.8124712625,-72.2504591075
356,41.709448578571426,-72.65488061142858
357,41.70643409000001,-72.65742499
358,41.6877663775,-72.70602395
359,41.6877087716,-72.70639455719999
360,41.81311406999999,-72.2531263
361,41.814402,-72.24961205
362,41.802196,-72.25432909999999
363,41.809796399999996,-72.25924965
364,41.80859715,-72.24717175
365,41.78858962,-72.22586983
366,41.7938917,-72.2334741
367,41.81478937111111,-72.24058578777777
368,41.80849089999999,-72.25113699999999
369,41.817015669999996,-72.25689711999999
370,41.8144434,-72.2543754
371,41.812027799999996,-72.2582346
372,41.808735500000004,-72.25829082999999
373,41.59828591142858,-71.42413800714286
374,41.61655258,-71.49111025666667
375,41.807844499999995,-72.25424397999998
376,41.80660549999998,-72.2507624
377,41.80452830000001,-72.24863890000003
378,41.8091215,-72.25088426
379,41.82447926999999,-72.26242737
380,41.81682927,-72.25841006333333
381,41.80596237,-72.24295939
382,41.806034431276586,-72.25118800510634
383,41.735050442857144,-72.20177833142857
384,41.81042857,-72.25433840000001
385,41.81246157,-72.25485457
386,41.808092537142855,-72.25324545428572
387,41.8074191,-72.2519698
388,41.989826645,-72.36736136499998
389,41.8078326,-72.2566981
390,41.806309999999996,-72.25064337000002
391,41.8058875,-72.25020570000001
392,41.75026219,-72.19139716
393,41.73544879999999,-72.2013082
394,41.73497679999999,-72.2025575
395,41.80204787,-72.24141101
396,41.805735,-72.2427172
397,41.80364035,-72.24422145
398,41.8052112,-72.2477472
399,41.810161799999996,-72.2513684
400,41.80774999,-72.24909473000001
401,41.808396300000005,-72.2561333
402,41.804235600000005,-72.2431088
403,41.83077146,-72.29506119
404,41.81058480000001,-72.24867270000001
