,lat,lon
0,41.08499909128088,-74.55933928407063
1,41.8052310136677,-72.2455381435925
2,41.80559009459822,-72.24368764211349
3,41.806316100000004,-72.25252490000001
4,41.80703868594539,-72.25322405355041
5,41.80711396036651,-72.25398994812556
6,41.81093782499999,-72.25392560555557
7,41.80745928888889,-72.25504136666667
8,41.8073706202182,-72.2555628353273
9,41.80691608185185,-72.25448058481481
10,41.8068898644073,-72.25530497929331
11,41.809800990999996,-72.25664742033332
12,41.8061545109249,-72.2521539417212
13,41.80662936842763,-72.25188022111433
14,41.806433819741095,-72.2504309489848
15,41.81007573676191,-72.25537856866669
16,41.8073091647059,-72.24983583529412
17,41.8068041115717,-72.25255102294298
18,41.80125688374098,-72.25089745474823
19,41.80592596333333,-72.24314316666666
20,41.80691114270708,-72.25334634749309
21,41.8068586229636,-72.25380301428449
22,41.807396866666664,-72.25331976666666
23,41.803644288712675,-72.25242872458801
24,41.84356168368421,-72.33366830263155
25,41.805783374305705,-72.2548676643698
26,41.80615,-72.25526976666667
27,41.805268102903234,-72.2589299616129
28,41.80564680285716,-72.24410378771431
29,41.80573209591641,-72.2453247160808
30,41.811099372448375,-72.25159584186075
31,41.80608614103273,-72.25036413850557
32,41.80999824800001,-72.247343207
33,41.80586774346099,-72.25209181484908
34,41.805685112487915,-72.24562847369951
35,41.80593361333333,-72.24371108999999
36,41.80644900364282,-72.25086967713665
37,41.7135390525,-72.20671293
38,41.805299780898814,-72.24535380735308
39,41.80996803333333,-72.25380936666667
40,41.806828955942,-72.25503751283169
41,41.806602987669685,-72.25224511955504
42,41.7139692,-72.2154051
43,41.80526779666667,-72.24291066
44,41.806366730120004,-72.2540970470501
45,41.80649529666667,-72.25414545
46,41.80575825333334,-72.24428425
47,41.8070856058919,-72.256823555841
48,41.80666767124149,-72.2515565917642
49,41.80636720308905,-72.25524634849855
50,41.808735061424606,-72.25579061868642
51,41.8068443764476,-72.2562114747639
52,41.8060727199096,-72.24606261299003
53,41.8067722619249,-72.25552849057091
54,41.80913086133702,-72.2542372128668
55,41.8070612475949,-72.2537854665823
56,41.8099583889045,-72.2533742340063
57,41.807466728309606,-72.2496288432584
58,41.80899179420538,-72.25351059877983
59,41.80399396206896,-72.2485689275862
60,41.80660893958104,-72.25385716830209
61,41.8091865874254,-72.2568629567164
62,41.80528579907893,-72.24446080853427
63,41.80969031726545,-72.25499380632353
64,41.80859553636364,-72.25623949090908
65,41.80836291128584,-72.25600547390584
66,41.80559204004249,-72.24540664511329
67,41.80717581438487,-72.25322887316138
68,41.8074686178124,-72.25586322733851
69,41.80917275352329,-72.25393298591291
70,41.80582592681031,-72.2536673834483
71,41.806001203687636,-72.25069621330891
72,41.80604738959731,-72.2522611838865
73,41.8061804510835,-72.25080539857939
74,41.8076164208,-72.2540520528
75,41.8070666943521,-72.2507129704847
76,40.743555240000006,-73.62019913333332
77,40.75140682355349,-73.66812000141024
78,40.713341562000004,-73.59964883199999
79,40.77621318642107,-73.7990259594737
80,40.77649896133334,-73.81212201666666
81,40.75477485,-73.693791315625
82,40.7574212875,-73.8288715625
83,40.75792530333333,-73.82908816000001
84,40.7580867,-73.82899499999999
85,40.757462100000005,-73.8305572
86,40.749955469433964,-73.81503917905663
87,40.75495634888889,-73.69367063222222
88,40.75971584333333,-73.67530694666668
89,40.7597809,-73.6754813
90,41.06429392076924,-73.54518274589743
91,40.75508923333334,-73.69429075666666
92,40.74994,-73.6735126
93,40.73655106666667,-73.67181666666666
94,40.74917354666666,-73.66583507333333
95,40.734555912,-73.67606864199999
96,42.353781492500005,-71.0486952175
97,40.722150903333336,-73.8050769
98,40.753595700000005,-73.70847619999999
99,40.968470206666666,-73.82996734666666
100,40.765346675,-73.965931075
101,36.863898770909096,-75.97913466818181
102,36.86407726666667,-75.97877251666667
103,36.863803095,-75.979304885
104,36.86441288,-75.97793424000001
105,40.73641142666667,-73.67166134
106,40.75330164333334,-73.70882843666665
107,40.7533938125,-73.70872183750001
108,40.75377426666667,-73.70838326666667
109,40.753662754545466,-73.70867851818183
110,40.7288334,-73.851919525
111,40.73209531100001,-73.866137528
112,40.764289733333335,-73.83058403333332
113,36.596953066666664,-121.86117184666666
114,37.66486376200001,-122.49309694700003
115,37.79585003666667,-122.40657200999999
116,37.615067746666675,-122.38329135
117,41.80282826570322,-72.25055251256272
118,41.802574855386005,-72.2500473754963
119,41.80217552445556,-72.25098523212607
120,41.8027588388865,-72.25096734063973
121,41.80244942042656,-72.25109281514601
122,41.802833542307695,-72.24888085846152
123,41.803043154671144,-72.25114211514328
124,41.802063687237,-72.25103592828769
125,41.806577000000004,-72.2492519
126,41.8041937440498,-72.2520773392212
127,41.810562052,-72.25583897799999
128,41.80956357333334,-72.25612955666666
129,41.81144725555557,-72.25972353888888
130,41.80392604777777,-72.24933115777779
131,41.801829966666666,-72.25090476666668
132,41.8039300237107,-72.250457967065
133,41.80265509660969,-72.2510896613473
134,41.80671002903226,-72.24949075161288
135,41.80639134601827,-72.25834970101613
136,41.803248037142865,-72.2506604790476
137,41.80714460000001,-72.25353110000002
138,41.806233368884,-72.25335160028729
139,41.809884536000006,-72.25541488799999
140,41.81049125222223,-72.25561410777777
141,41.80336317623188,-72.25095186739131
142,41.80631624666666,-72.25150155666667
143,41.81003428666667,-72.25589905333334
144,41.8041548595237,-72.25264471749449
145,41.809166994444446,-72.25138266666667
146,41.80434112952379,-72.25190266559522
147,41.80715987000001,-72.25486067000001
148,41.805697686959995,-72.2531142116305
149,41.806551013543206,-72.2533948336457
150,41.8064775705647,-72.2528637727529
151,41.80668905220809,-72.2589771404971
152,41.8089512619932,-72.255566068061
153,41.812183183736295,-72.2543020620879
154,41.806842829842786,-72.2534437172189
155,41.8066769106984,-72.255926043746
156,41.80384167998892,-72.25145257037572
157,41.80600145,-72.2582972
158,41.805875814285706,-72.25835882857142
159,41.80651413333334,-72.25857046666665
160,41.80401161669276,-72.25079025761706
161,41.80504318317609,-72.24847133109422
162,41.80961846666667,-72.25529293333334
163,41.807021237499995,-72.253529425
164,41.80702421151005,-72.25300783730955
165,41.803451700000004,-72.2500846
166,41.8097361755556,-72.2554122788889
167,41.8030491025,-72.250080505
168,41.808001825348796,-72.25317197093021
169,41.8061287288855,-72.2543779064458
170,41.806190357364855,-72.25188367621615
171,41.8066921503572,-72.2528643060714
172,41.80696084,-72.25431755999999
173,41.804001954545456,-72.25152080909092
174,41.80640235,-72.25863618333334
175,41.8064172093552,-72.25640328835921
176,41.80573068333334,-72.25855431666666
177,41.802352127969996,-72.2507219254765
178,41.80439583333333,-72.242705
179,41.8043787,-72.2493705
180,41.80446726666666,-72.24950716666666
181,41.807477144545494,-72.2553429763636
182,41.80458318989161,-72.2562650758382
