,lat,lon
0,41.20183461254362,-74.2494890789648
1,41.8052310136677,-72.2455381435925
2,41.80558832398853,-72.24371266927612
3,41.806316100000004,-72.25252490000001
4,41.80703868594539,-72.25322405355041
5,41.8071124258796,-72.253939248287
6,41.81098319199999,-72.25391829600002
7,41.80744466666666,-72.2550781
8,41.8073706202182,-72.2555628353273
9,41.807466600000005,-72.255023
10,41.80701187285715,-72.25455969857144
11,41.8068898644073,-72.25530497929331
12,41.809840582,-72.256689462
13,41.8061545109249,-72.2521539417212
14,41.80673552647059,-72.25196540294118
15,41.8056261482353,-72.24334026588235
16,41.806433819741095,-72.2504309489848
17,41.807316400000005,-72.24984449285715
18,41.80652275,-72.25188871666667
19,41.806480150000006,-72.25170223
20,41.8068041115717,-72.25255102294298
21,41.801244437678555,-72.25090565910715
22,41.80136629999999,-72.25076690000002
23,41.80119733,-72.25101461333334
24,41.8069162312485,-72.2533625969917
25,41.8068586229636,-72.25380301428449
26,41.807396866666664,-72.25331976666666
27,41.81012191017544,-72.25543502964906
28,41.80363699578947,-72.25240789289471
29,41.84356168368421,-72.33366830263155
30,41.805783374305705,-72.2548676643698
31,41.805399200000004,-72.258897425
32,41.80523305,-72.259006925
33,41.805654093750015,-72.24410489062502
34,41.805569033333335,-72.24409202333334
35,41.80573209591641,-72.2453247160808
36,41.811099372448375,-72.25159584186075
37,41.806080230758894,-72.25036500525673
38,41.810004335,-72.2473307
39,41.805685112487915,-72.24562847369951
40,41.805299780898814,-72.24535380735308
41,41.8068439,-72.25436383333333
42,41.8068216,-72.2542829
43,41.806828955942,-72.25503751283169
44,41.805569463333335,-72.24310597
45,41.80571320875,-72.24305432374999
46,41.805715145,-72.243612755
47,41.810827499999995,-72.25391663333335
48,41.7139692,-72.2154051
49,41.80702866666666,-72.25463756666666
50,41.806366730120004,-72.2540970470501
51,41.805553994,-72.24322628799999
52,41.806448809113995,-72.2509148092969
53,41.806529100000006,-72.2519698
54,41.81003987692307,-72.2553368153846
55,41.8070856058919,-72.256823555841
56,41.80666767124149,-72.2515565917642
57,41.806364530642604,-72.25525094381659
58,41.808735061424606,-72.25579061868642
59,41.8068443764476,-72.2562114747639
60,41.8060727199096,-72.24606261299003
61,41.8067722619249,-72.25552849057091
62,41.80913086133702,-72.2542372128668
63,41.8070612475949,-72.2537854665823
64,41.8099583889045,-72.2533742340063
65,41.807466728309606,-72.2496288432584
66,41.808994384492,-72.25351507426699
67,41.80399797407407,-72.24857574074073
68,41.8091865874254,-72.2568629567164
69,41.805287347439254,-72.24446013107332
70,41.806459368947394,-72.25081851539471
71,41.8099571875,-72.25506208125
72,41.8096969515675,-72.25498628250001
73,41.808561700000006,-72.2562258
74,41.80559204004249,-72.24540664511329
75,41.80716011176186,-72.25321841779365
76,41.80660643703703,-72.25186762222224
77,41.8074686178124,-72.25586322733851
78,41.80917275352329,-72.25393298591291
79,41.80582592681031,-72.2536673834483
80,41.80604738959731,-72.2522611838865
81,41.805997020526306,-72.2506975725564
82,41.806592999476294,-72.2538664103776
83,41.8061804510835,-72.25080539857939
84,41.8076164208,-72.2540520528
85,41.8070666943521,-72.2507129704847
86,40.7435196,-73.62018379999999
87,40.743596700000005,-73.62018379999999
88,40.743533,-73.62027579999999
89,40.7514074745669,-73.66812025486131
90,40.7133411,-73.59962209999999
91,40.77622082166669,-73.79904607000003
92,40.77649441571429,-73.81212467499998
93,40.7548064,-73.6937658
94,40.7574212875,-73.8288715625
95,40.7580867,-73.82899499999999
96,40.757462100000005,-73.8305572
97,40.75115011333333,-73.66800959333334
98,40.7499606386,-73.81504017820002
99,40.7548802,-73.693659525
100,40.7597809,-73.6754813
101,41.06427213333334,-73.54505326666667
102,41.0642977,-73.54514622499998
103,40.74994,-73.6735126
104,40.776179867500005,-73.7989003425
105,40.73456449,-73.67606914250001
106,40.76533933333334,-73.96595306666667
107,40.754762504347816,-73.69380130000002
108,36.863892409,-75.979129157
109,36.863793353333335,-75.97934313333333
110,36.86441288,-75.97793424000001
111,40.75330164333334,-73.70882843666665
112,40.7533938125,-73.70872183750001
113,40.75377426666667,-73.70838326666667
114,40.75124791,-73.66823977333333
115,40.73655874,-73.67182969999999
116,40.753662754545466,-73.70867851818183
117,40.73209212166666,-73.86612393666665
118,41.06434657333333,-73.5451123
119,40.764289733333335,-73.83058403333332
120,36.596953066666664,-121.86117184666666
121,37.66487296058825,-122.49308381000003
122,41.80283088097958,-72.25056323681643
123,41.802574855386005,-72.2500473754963
124,41.802175008784225,-72.25098611701243
125,41.802727991614034,-72.25095945477189
126,41.80244942042656,-72.25109281514601
127,41.802775045000004,-72.2503398
128,41.80282976666666,-72.24887620833333
129,41.80304321897947,-72.25114229927284
130,41.80206311128658,-72.2509355945512
131,41.806577000000004,-72.2492519
132,41.8041937440498,-72.2520773392212
133,41.8037319802532,-72.25256896759491
134,41.81053690000001,-72.25584155
135,41.81144262,-72.25973552999999
136,41.80528116,-72.25883034
137,41.8039300237107,-72.250457967065
138,41.80265509660969,-72.2510896613473
139,41.80669351304347,-72.24950428260868
140,41.80639134601827,-72.25834970101613
141,41.803235405,-72.25066303749999
142,41.80714460000001,-72.25353110000002
143,41.806233368884,-72.25335160028729
144,41.809884536000006,-72.25541488799999
145,41.80206375544163,-72.25104780991443
146,41.80336317623188,-72.25095186739131
147,41.8022224072485,-72.2509115172485
148,41.8041548595237,-72.25264471749449
149,41.80434112952379,-72.25190266559522
150,41.805697686959995,-72.2531142116305
151,41.806551013543206,-72.2533948336457
152,41.8064775705647,-72.2528637727529
153,41.80668905220809,-72.2589771404971
154,41.8089512619932,-72.255566068061
155,41.812183183736295,-72.2543020620879
156,41.806842829842786,-72.2534437172189
157,41.8066617410476,-72.255899915619
158,41.80279467584617,-72.25097704912812
159,41.80681013949274,-72.2518784284058
160,41.80596679999999,-72.25820350000001
161,41.80601303333333,-72.2582575
162,41.80519343333333,-72.25884733333334
163,41.80651413333334,-72.25857046666665
164,41.80384163333333,-72.25145376944445
165,41.806728066666665,-72.25213553333334
166,41.80401150371428,-72.25078803628563
167,41.805049783573104,-72.248469803731
168,41.80961846666667,-72.25529293333334
169,41.80640244666667,-72.25175407333333
170,41.809137400000004,-72.25137990000002
171,41.807021237499995,-72.253529425
172,41.81048719599999,-72.25564056933332
173,41.803451700000004,-72.2500846
174,41.802754199999995,-72.25025800000002
175,41.81062311666666,-72.25568928333333
176,41.8072543275,-72.25328115
177,41.80657250000001,-72.25176933333334
178,41.8114876,-72.25963528
179,41.8097361755556,-72.2554122788889
180,41.80656666666667,-72.2516729
181,41.809826194,-72.256592878
182,41.808634579999996,-72.25626978
183,41.8071036625,-72.2540355276786
184,41.808001825348796,-72.25317197093021
185,41.8061287288855,-72.2543779064458
186,41.806190357364855,-72.25188367621615
187,41.8066921503572,-72.2528643060714
188,41.8071696,-72.2548727
189,41.80659970000001,-72.2522358
190,41.80393375066667,-72.24933653600002
191,41.806961875,-72.25429155
192,41.806854214285714,-72.25192514285713
193,41.804001954545456,-72.25152080909092
194,41.81057847142857,-72.25576341428572
195,41.806412939999994,-72.25864408
196,41.805871999999994,-72.258377
197,41.810601133333336,-72.2560061
198,41.8064172093552,-72.25640328835921
199,41.8056867,-72.25857359999999
200,41.805862843064695,-72.25209080059749
201,41.802352127969996,-72.2507219254765
202,41.80439583333333,-72.242705
203,41.8083692641073,-72.2559887923823
204,41.80446726666666,-72.24950716666666
205,41.807477144545494,-72.2553429763636
206,41.80458318989161,-72.2562650758382
