,lat,lon
0,41.13841427728901,-74.5252560143464
1,41.8052310136677,-72.2455381435925
2,41.80558854730837,-72.24370208668418
3,41.806316100000004,-72.25252490000001
4,41.80703868594539,-72.25322405355041
5,41.8071124258796,-72.253939248287
6,41.81098319199999,-72.25391829600002
7,41.80745928888889,-72.25504136666667
8,41.8073706202182,-72.2555628353273
9,41.80701235916667,-72.25460049916666
10,41.8068898644073,-72.25530497929331
11,41.809840582,-72.256689462
12,41.8061545109249,-72.2521539417212
13,41.806653356410244,-72.25192344358976
14,41.806433819741095,-72.2504309489848
15,41.8073091647059,-72.24983583529412
16,41.80645393548387,-72.25171604838711
17,41.8068041115717,-72.25255102294298
18,41.80124030386553,-72.25090950100842
19,41.80138719222222,-72.25074043000001
20,41.801414826666665,-72.25087846333334
21,41.8069162312485,-72.2533625969917
22,41.8068586229636,-72.25380301428449
23,41.807396866666664,-72.25331976666666
24,41.81010521128206,-72.25542273153843
25,41.803644288712675,-72.25242872458801
26,41.84356168368421,-72.33366830263155
27,41.805783374305705,-72.2548676643698
28,41.80528797315789,-72.25897050578946
29,41.805654093750015,-72.24410489062502
30,41.805569033333335,-72.24409202333334
31,41.80573209591641,-72.2453247160808
32,41.811099372448375,-72.25159584186075
33,41.806080230758894,-72.25036500525673
34,41.80998845333333,-72.24734317444444
35,41.805685112487915,-72.24562847369951
36,41.806443777202595,-72.25091384236721
37,41.805299780898814,-72.24535380735308
38,41.80682727272727,-72.2543238909091
39,41.806828955942,-72.25503751283169
40,41.805569463333335,-72.24310597
41,41.80570360363636,-72.24307617272727
42,41.81080925,-72.25393011666667
43,41.806602987669685,-72.25224511955504
44,41.7139692,-72.2154051
45,41.80524409000001,-72.25885018
46,41.806366730120004,-72.2540970470501
47,41.80649529666667,-72.25414545
48,41.805553994,-72.24322628799999
49,41.8070856058919,-72.256823555841
50,41.80666767124149,-72.2515565917642
51,41.80636720308905,-72.25524634849855
52,41.808735061424606,-72.25579061868642
53,41.8068443764476,-72.2562114747639
54,41.8060727199096,-72.24606261299003
55,41.8067722619249,-72.25552849057091
56,41.80913086133702,-72.2542372128668
57,41.8070612475949,-72.2537854665823
58,41.8099583889045,-72.2533742340063
59,41.807466728309606,-72.2496288432584
60,41.80899179420538,-72.25351059877983
61,41.80399396206896,-72.2485689275862
62,41.8091865874254,-72.2568629567164
63,41.805287347439254,-72.24446013107332
64,41.8064577143765,-72.25079606841906
65,41.8099571875,-72.25506208125
66,41.8096969515675,-72.25498628250001
67,41.80856300000001,-72.25621424999999
68,41.80559204004249,-72.24540664511329
69,41.80716011176186,-72.25321841779365
70,41.8074686178124,-72.25586322733851
71,41.80917275352329,-72.25393298591291
72,41.80582592681031,-72.2536673834483
73,41.80604738959731,-72.2522611838865
74,41.805997020526306,-72.2506975725564
75,41.806592999476294,-72.2538664103776
76,41.8061804510835,-72.25080539857939
77,41.80684553610032,-72.25189737917842
78,41.8076164208,-72.2540520528
79,41.8070666943521,-72.2507129704847
80,40.74351322,-73.620193
81,40.743596700000005,-73.62018379999999
82,40.743533,-73.62027579999999
83,40.75140743879826,-73.66811981505519
84,40.7133411,-73.59962209999999
85,40.776214917159116,-73.79903046625003
86,40.77649441571429,-73.81212467499998
87,40.75477485,-73.693791315625
88,40.7574212875,-73.8288715625
89,40.7580867,-73.82899499999999
90,40.757462100000005,-73.8305572
91,40.75115011333333,-73.66800959333334
92,40.749958362307694,-73.81504008326925
93,40.7548802,-73.693659525
94,40.755026726666664,-73.69356239333332
95,40.7597809,-73.6754813
96,41.06432359807694,-73.54512378884617
97,40.7550087,-73.69385396666667
98,40.74994,-73.6735126
99,40.734555912,-73.67606864199999
100,40.753595700000005,-73.70847619999999
101,40.968470206666666,-73.82996734666666
102,40.76533933333334,-73.96595306666667
103,36.863892409,-75.979129157
104,36.863805325,-75.979306615
105,36.86441288,-75.97793424000001
106,40.75330164333334,-73.70882843666665
107,40.7533938125,-73.70872183750001
108,40.75377426666667,-73.70838326666667
109,40.75124791,-73.66823977333333
110,40.73655874,-73.67182969999999
111,40.753662754545466,-73.70867851818183
112,40.7320979725,-73.86610504124998
113,41.06420404666667,-73.545405075
114,40.764289733333335,-73.83058403333332
115,36.596953066666664,-121.86117184666666
116,37.664868833157904,-122.49309124842107
117,41.802829165378576,-72.25055178850495
118,41.802574855386005,-72.2500473754963
119,41.802175008784225,-72.25098611701243
120,41.802727991614034,-72.25095945477189
121,41.80244942042656,-72.25109281514601
122,41.802833542307695,-72.24888085846152
123,41.803043154671144,-72.25114211514328
124,41.80206311128658,-72.2509355945512
125,41.806577000000004,-72.2492519
126,41.8041937440498,-72.2520773392212
127,41.81056913888891,-72.255804075
128,41.81143173846154,-72.25975748461536
129,41.8039300237107,-72.250457967065
130,41.80265509660969,-72.2510896613473
131,41.80670001071429,-72.2494955535714
132,41.80639134601827,-72.25834970101613
133,41.803242199,-72.25066043999998
134,41.80714460000001,-72.25353110000002
135,41.806233368884,-72.25335160028729
136,41.809884536000006,-72.25541488799999
137,41.80206375544163,-72.25104780991443
138,41.80336317623188,-72.25095186739131
139,41.8022208566532,-72.25090744257032
140,41.8041548595237,-72.25264471749449
141,41.809226216666666,-72.25142656333334
142,41.80434112952379,-72.25190266559522
143,41.80715987000001,-72.25486067000001
144,41.805697686959995,-72.2531142116305
145,41.806551013543206,-72.2533948336457
146,41.8064775705647,-72.2528637727529
147,41.80668905220809,-72.2589771404971
148,41.8089512619932,-72.255566068061
149,41.812183183736295,-72.2543020620879
150,41.806842829842786,-72.2534437172189
151,41.8066617410476,-72.255899915619
152,41.80384380917781,-72.25145265876425
153,41.80279467584617,-72.25097704912812
154,41.80596679999999,-72.25820350000001
155,41.806016299999996,-72.25833735714285
156,41.805878916666664,-72.25837121666666
157,41.80651413333334,-72.25857046666665
158,41.80401161669276,-72.25079025761706
159,41.806728066666665,-72.25213553333334
160,41.805049783573104,-72.248469803731
161,41.80961846666667,-72.25529293333334
162,41.809142578,-72.25137142800001
163,41.807021237499995,-72.253529425
164,41.81048719599999,-72.25564056933332
165,41.803451700000004,-72.2500846
166,41.8072543275,-72.25328115
167,41.8114876,-72.25963528
168,41.810892925000005,-72.253967725
169,41.8097361755556,-72.2554122788889
170,41.809826194,-72.256592878
171,41.808634579999996,-72.25626978
172,41.8071036625,-72.2540355276786
173,41.808001825348796,-72.25317197093021
174,41.8061287288855,-72.2543779064458
175,41.806190357364855,-72.25188367621615
176,41.8066921503572,-72.2528643060714
177,41.80974943333333,-72.25661436666667
178,41.803930012500004,-72.24934064375002
179,41.806961875,-72.25429155
180,41.81039966666666,-72.25584423333332
181,41.804001954545456,-72.25152080909092
182,41.806412939999994,-72.25864408
183,41.810601133333336,-72.2560061
184,41.8064172093552,-72.25640328835921
185,41.8056867,-72.25857359999999
186,41.805774666666665,-72.25853503333333
187,41.805862843064695,-72.25209080059749
188,41.802352127969996,-72.2507219254765
189,41.80439583333333,-72.242705
190,41.8083692641073,-72.2559887923823
191,41.80446726666666,-72.24950716666666
192,41.807477144545494,-72.2553429763636
193,41.80458318989161,-72.2562650758382
