,lat,lon
0,41.80662752131307,-72.251861725665
1,41.8052310136677,-72.2455381435925
2,41.80559235472361,-72.24368382006188
3,41.80632884665382,-72.25249708822373
4,41.00177324638999,-75.09313531083981
5,41.80718571748257,-72.25324270083044
6,41.807104859692814,-72.2539277731668
7,41.81093782499999,-72.25392560555557
8,41.807440672727274,-72.25503025454545
9,41.8073706202182,-72.2555628353273
10,41.806919353235294,-72.25443647323527
11,41.8068898644073,-72.25530497929331
12,41.809800990999996,-72.25664742033332
13,41.805961493017044,-72.2521494502066
14,41.805628732049755,-72.24411340466145
15,41.806433819741095,-72.2504309489848
16,41.810020908114225,-72.25539711236314
17,41.8073091647059,-72.24983583529412
18,41.8068041115717,-72.25255102294298
19,41.80125688374098,-72.25089745474823
20,41.80697793204231,-72.25346689279598
21,41.8068586229636,-72.25380301428449
22,41.80364032781059,-72.25242830376231
23,41.80388563999175,-72.25147559753482
24,41.84356168368421,-72.33366830263155
25,41.805783374305705,-72.2548676643698
26,41.80615,-72.25526976666667
27,41.805268102903234,-72.2589299616129
28,41.80573209591641,-72.2453247160808
29,41.811099372448375,-72.25159584186075
30,41.80609798349722,-72.25035962007186
31,41.80999824800001,-72.247343207
32,41.805691295588,-72.24562386539564
33,41.80644900364282,-72.25086967713665
34,41.71346058142857,-72.20674780142856
35,41.7138061,-72.206678425
36,41.805299780898814,-72.24535380735308
37,41.806453613709806,-72.2528202151686
38,41.80215896002562,-72.25099193359507
39,41.80996803333333,-72.25380936666667
40,41.80684244712244,-72.255038428929
41,41.7139692,-72.2154051
42,41.80659058666667,-72.24469670333333
43,41.80526779666667,-72.24291066
44,41.806421367545,-72.25417857889379
45,41.80725343333333,-72.25462983333334
46,41.80575825333334,-72.24428425
47,41.8070856058919,-72.256823555841
48,41.80636720308905,-72.25524634849855
49,41.808735061424606,-72.25579061868642
50,41.80685495665051,-72.25621897010758
51,41.8060727199096,-72.24606261299003
52,41.8067722619249,-72.25552849057091
53,41.80913086133702,-72.2542372128668
54,41.8099583889045,-72.2533742340063
55,41.807466728309606,-72.2496288432584
56,41.80899179420538,-72.25351059877983
57,41.804014438733326,-72.24859342765504
58,41.80662563929343,-72.25390527385994
59,41.8091865874254,-72.2568629567164
60,41.80528579907893,-72.24446080853427
61,41.80967233965856,-72.25500683881579
62,41.80859553636364,-72.25623949090908
63,41.80834328096399,-72.25600232613506
64,41.80559204004249,-72.24540664511329
65,41.8074686178124,-72.25586322733851
66,41.80917275352329,-72.25393298591291
67,41.80582592681031,-72.2536673834483
68,41.806001203687636,-72.25069621330891
69,41.8061804510835,-72.25080539857939
70,41.8076164208,-72.2540520528
71,41.8070666943521,-72.2507129704847
72,40.74357693470589,-73.62020315176468
73,40.751406857091744,-73.66812001512078
74,40.713341562000004,-73.59964883199999
75,40.75404926666667,-73.98482613333334
76,40.776215052500014,-73.79902584427086
77,40.77649896133334,-73.81212201666666
78,40.75484018960001,-73.69374786960002
79,40.7574212875,-73.8288715625
80,40.75792530333333,-73.82908816000001
81,40.7580867,-73.82899499999999
82,40.757462100000005,-73.8305572
83,40.76262072666666,-73.65646108666665
84,40.74996164900001,-73.81505185466668
85,40.75974837166667,-73.67539412333333
86,41.064297825500006,-73.54518094525
87,40.755122625,-73.69426350500001
88,40.74994,-73.6735126
89,40.736504520000004,-73.67176489111111
90,40.74917354666666,-73.66583507333333
91,40.734555912,-73.67606864199999
92,40.764549456666664,-73.65720615
93,42.353781492500005,-71.0486952175
94,40.722150903333336,-73.8050769
95,40.753661377777775,-73.70864565555554
96,40.968470206666666,-73.82996734666666
97,40.765346675,-73.965931075
98,36.86389345074074,-75.97919674703702
99,36.86407726666667,-75.97877251666667
100,36.86441288,-75.97793424000001
101,40.753200459999995,-73.70906864
102,40.75337979416667,-73.70875603416665
103,40.75377426666667,-73.70838326666667
104,40.728804079999996,-73.851927
105,40.73209531100001,-73.866137528
106,40.764289733333335,-73.83058403333332
107,36.596877936,-121.86113173599999
108,37.66486376200001,-122.49309694700003
109,37.79585003666667,-122.40657200999999
110,37.615067746666675,-122.38329135
111,41.80283058030471,-72.25054797285723
112,41.802574855386005,-72.2500473754963
113,41.80274130498054,-72.25098801456221
114,41.80244942042656,-72.25109281514601
115,41.802833542307695,-72.24888085846152
116,41.80180345,-72.250884775
117,41.803043154671144,-72.25114211514328
118,41.80669375447368,-72.24944463526313
119,41.80429065242149,-72.25195552187014
120,41.810540777391296,-72.25577469333334
121,41.809615508,-72.256127948
122,41.81144725555557,-72.25972353888888
123,41.8039466526087,-72.2493873078261
124,41.8039300237107,-72.250457967065
125,41.80639599221731,-72.25842838529276
126,41.803248037142865,-72.2506604790476
127,41.806233368884,-72.25335160028729
128,41.806000585314,-72.2539105569082
129,41.80960875333334,-72.25643733666668
130,41.80336317623188,-72.25095186739131
131,41.81005006666667,-72.25631357666667
132,41.8041548595237,-72.25264471749449
133,41.809166994444446,-72.25138266666667
134,41.80376777666667,-72.24900000000001
135,41.80715987000001,-72.25486067000001
136,41.805697686959995,-72.2531142116305
137,41.806551013543206,-72.2533948336457
138,41.8054873,-72.258357005
139,41.80668230203824,-72.25896695276654
140,41.8089512619932,-72.255566068061
141,41.812183183736295,-72.2543020620879
142,41.8066769106984,-72.255926043746
143,41.80588350000001,-72.25839771666668
144,41.80401161669276,-72.25079025761706
145,41.80504318317609,-72.24847133109422
146,41.807579733333334,-72.25280516666668
147,41.80702421151005,-72.25300783730955
148,41.803451700000004,-72.2500846
149,41.808001825348796,-72.25317197093021
150,41.8061287288855,-72.2543779064458
151,41.806190357364855,-72.25188367621615
152,41.8066921503572,-72.2528643060714
153,41.805160693333335,-72.24486890666667
154,41.8064172093552,-72.25640328835921
155,41.80439583333333,-72.242705
156,41.80442298333333,-72.24943883333333
157,41.807477144545494,-72.2553429763636
158,41.80458318989161,-72.2562650758382
