,lat,lon
0,41.727723228430136,-72.20725305069703
1,41.776075048588716,-72.33198791871055
2,41.80349103363654,-72.25233877044909
3,41.804067275547936,-72.25241535924661
4,41.805338150000004,-72.25346716666665
5,41.806831772881374,-72.25233758203386
6,41.80423616666666,-72.24310720833336
7,41.809120367409356,-72.25641303901543
8,41.80851833444444,-72.25514155222221
9,41.806588754599986,-72.25074467419999
10,41.80620868918368,-72.24859095387757
11,41.80583860179796,-72.2488954341957
12,41.806124959375005,-72.24835194375001
13,41.806417550909096,-72.24877847636365
14,41.80745872881723,-72.25301184774185
15,41.80202439380952,-72.24157892238095
16,41.802256436,-72.241846772
17,41.80236129105877,-72.24152438039192
18,41.802525159999945,-72.2412843052857
19,41.728127308333335,-72.20753741166668
20,41.727508263999994,-72.20800030800001
21,41.727888451666665,-72.20641239416666
22,41.80584438000001,-72.2481736275
23,41.80628325637498,-72.249093055125
24,41.809280666,-72.25659395800001
25,41.8066567565625,-72.2519640129767
26,41.8067442461739,-72.25313383982605
27,41.807309812499994,-72.25477347500001
28,41.80727225666666,-72.25344170166665
29,41.728286481666665,-72.20772834833333
30,41.80148899999999,-72.24118180000002
31,41.79455330000007,-72.25150709999987
32,41.80498823749999,-72.25308312624999
33,41.804954865000006,-72.25348430000001
34,41.8047455,-72.25354270000001
35,41.80710135,-72.25332705
36,41.80881547741935,-72.25494872451617
37,41.81037275999999,-72.25208495999999
38,41.80527140000001,-72.24557460000004
39,41.8041714,-72.2418844
40,41.806444085,-72.25334676749999
41,41.8075654578261,-72.25280250130433
42,41.807844346470574,-72.25258549588234
43,41.80791508223609,-72.25284652267091
44,41.8076804,-72.25217005
45,41.80879030000003,-72.25553190000004
46,41.8092119,-72.2561492
47,41.809068842051275,-72.25696707666664
48,41.80790337,-72.256273855
49,41.8064241980392,-72.25178407843131
50,41.80635590625002,-72.25208587916659
51,41.805733315105996,-72.2514949
52,41.8056772,-72.2501655
53,41.80497944999998,-72.24466244374999
54,41.80173680000005,-72.24163190000017
55,41.809949461124646,-72.24744600177351
56,41.80492027999999,-72.25159970000001
57,41.8039362,-72.25243239999999
58,41.80361700740742,-72.25254719259262
59,41.803767768181814,-72.25239498181817
60,41.80454129999999,-72.24999670000001
61,41.80609444416667,-72.24901459166666
62,41.8064071,-72.24836129999998
63,41.806069550000004,-72.24887939999999
64,41.8064807,-72.24882390000002
65,41.806155600000004,-72.24984649999999
66,41.8061084,-72.2518152
67,41.806991100000005,-72.24724435
68,41.8083096,-72.24969025
69,41.80499404,-72.24418921999998
70,41.80951108704006,-72.24781344008001
71,41.80414199999997,-72.24181274000009
72,41.8019454,-72.2412071
73,41.80433655000001,-72.2445033
74,41.80496234857146,-72.24511975999995
75,41.80702739999999,-72.25232729999999
76,41.80531034,-72.24956410000003
77,41.80922780000001,-72.25169033499999
78,41.80767367916666,-72.25162060416666
79,41.80768667159089,-72.25546770795451
80,41.80871704742858,-72.25478246285714
81,41.804641544999996,-72.25289500000002
82,41.80841814000001,-72.25451997999998
83,41.81060774,-72.25771505
84,41.80803000000001,-72.25839140000002
85,41.80647038,-72.249256735
86,41.80641480428572,-72.24909389571427
87,41.8049667,-72.24761059999999
88,41.8033704,-72.2436425
89,41.80335635,-72.243972925
90,41.80010769999993,-72.2437913000001
91,41.80437813111113,-72.24376581666667
92,41.804249400000025,-72.2510003
93,41.805343,-72.24558530000007
94,41.80258780000001,-72.24150169999993
95,41.80415263999999,-72.24295451499998
96,41.810348180000005,-72.25586935999999
97,41.80944303,-72.25547298
98,41.80866070000001,-72.25496880000001
99,41.809749571481476,-72.2552595085185
100,41.805870473000006,-72.24860254299999
101,41.80670115,-72.25731785
102,41.804289200000035,-72.24262469999996
103,41.8044642,-72.24614229999999
104,41.8068463238095,-72.2489715880952
105,41.80677945363637,-72.24884865363637
106,41.801320000000025,-72.24337819999994
107,41.79808039999998,-72.25136610000001
108,41.8045429,-72.24497055000003
109,41.80597845,-72.24717455
110,41.80364825000001,-72.25076689999997
111,41.80498415156249,-72.25278046218747
112,41.80594315,-72.2530291125
113,41.80797415,-72.256781
114,41.80616174611111,-72.25095078166667
115,41.80598840833333,-72.25147684166667
116,41.806670463636365,-72.25057884545456
117,41.806902400000006,-72.25192349999999
118,41.80427063071428,-72.25275793928573
119,41.80606114,-72.25367159999999
120,41.81005921833333,-72.25713064333333
121,41.70865416626375,-72.9406238552777
122,41.709098075,-72.940378475
123,41.8076843,-72.24679734999998
124,41.80944240000001,-72.24867940000001
125,41.80869406888893,-72.24905895847223
126,41.807656099999996,-72.24849540000001
127,41.807396699696966,-72.25370540090904
128,41.80847957999999,-72.25377683
129,41.80190375,-72.2414212
130,41.801215500000005,-72.24389625000002
131,41.80560450000001,-72.2443546
132,41.806528715384644,-72.2521196269231
133,41.8090196,-72.25567070000001
134,41.8061381,-72.25538940000001
135,41.803826449999995,-72.2424047
136,41.80904035000001,-72.24838529999992
137,41.80523089999999,-72.25160203999998
138,41.806527908571425,-72.24907698523809
139,41.80760604,-72.25289863999998
140,41.808911772,-72.257155976
141,41.8067377,-72.25250340000001
142,41.80666827,-72.24976326
143,41.804976700000005,-72.24410510000001
144,41.72829769285715,-72.20206868714284
145,41.80254242666666,-72.24196226083335
146,41.806211299999994,-72.2475286
147,41.809587732666664,-72.24753125466667
148,41.80965095,-72.24934990000001
149,41.807019454999995,-72.25322015833333
150,41.806388899999995,-72.2511902
151,41.80643500000001,-72.25238957329398
152,41.72819672818182,-72.20557700636364
153,41.803933745,-72.243351505
154,41.809474386666665,-72.24812980571426
155,41.8061335,-72.2515071
156,41.806028008125,-72.24863453500002
157,41.808519999999994,-72.2489164
158,41.806348064117635,-72.25195259352944
159,41.72767501,-72.20657100999999
160,41.73544935285717,-72.20130960952378
161,41.80467370000001,-72.25238609999998
162,41.80867394599999,-72.251165668
163,41.803655600000006,-72.25187719999998
164,41.809039850714285,-72.25204834428573
165,41.808864299999996,-72.25213405
166,41.80685979999999,-72.25215479999999
167,41.80258,-72.24356540000001
168,41.8033704,-72.2424299
169,41.80655000000001,-72.25039679999999
170,41.80456825500001,-72.25197334625
171,41.807494500000004,-72.25203655
172,41.80771155714285,-72.25280250000002
173,41.80751064696971,-72.25510899696967
174,41.809498600000005,-72.252082
175,41.708823458,-72.940234364
176,41.8067593,-72.2542475
177,41.80284584777778,-72.24126135833333
178,41.75026219,-72.19139716
179,41.80339134999999,-72.24625449999999
180,41.806014000000005,-72.2528753
181,41.8008817,-72.24190490000001
182,41.806302167999995,-72.251343478
183,41.80667139500001,-72.25286738500002
184,41.8090889,-72.2565959
185,41.803884000000004,-72.2440198
186,41.73479729999998,-72.19929010000003
187,41.8063412,-72.25419029999999
188,41.80703945,-72.2514609
189,41.8052871,-72.25227454
190,41.80664711250001,-72.2504894
191,41.80418602500001,-72.24198442500001
192,41.73504069999997,-72.20134670000003
193,41.73404170500001,-72.20209479999997
194,41.80364035,-72.24422145
195,41.804463160000005,-72.24236556
196,41.806650299999994,-72.25178470000002
197,41.734314000000026,-72.20063525000008
198,41.80587325,-72.24981855
199,41.80975592862586,-72.2476671680915
200,41.808662,-72.25756740000001
201,41.8060179,-72.2454103
202,41.80960193969697,-72.24819896545455
203,41.80506625,-72.25310890000002
204,41.806363,-72.2553006
205,41.809326950000006,-72.2570123
206,41.8028052,-72.24366729999998
207,41.8104475,-72.25150710000001
208,41.73438200000003,-72.20155359999994
209,41.8038798,-72.25163350000001
210,41.8061058,-72.2465026
211,41.805735000000006,-72.24332452
212,41.8065494,-72.2461038
213,41.8062919,-72.25104449999999
214,41.80213777857143,-72.24190799
215,41.8083473,-72.24911209999999
216,41.80507993,-72.25125279999999
217,41.805175,-72.25150710000001
218,41.804576000000004,-72.2463257
219,41.80296504,-72.25201962000003
220,41.803850399999995,-72.25149630000003
221,41.804447426923076,-72.25196684230767
222,41.808784191836736,-72.24910149999985
223,41.80438525,-72.24914765
224,41.8061722,-72.2546992
225,41.80612250000001,-72.24560440000002
226,41.80891035,-72.2496566
227,41.80849089999999,-72.25113699999999
228,41.808503802142845,-72.25102526250001
229,41.80560225,-72.24401255
230,41.812045913333336,-72.25825773999999
231,41.811374898333334,-72.25973318999999
232,41.810315592500004,-72.24751243
233,41.8102265,-72.24764119999999
234,41.8031516,-72.24254205
235,41.8080717,-72.2508978
236,41.80783300000001,-72.24974920000001
237,41.809111859999994,-72.2474279875
238,41.80897693636363,-72.25019903636364
239,41.809589794137906,-72.24999477965528
240,41.80953403684209,-72.25002679999997
241,41.80712165166667,-72.25403394333334
242,41.80464849999999,-72.243226
243,41.8063558,-72.247436
244,41.8075724,-72.2502954
245,41.809435966,-72.24795188600001
246,41.716893299999995,-72.23036449999998
247,41.810016864999994,-72.2471989125
248,41.8063558,-72.253959
249,41.8065291,-72.25290310000001
250,41.80834749999999,-72.25310315
251,41.80523721000001,-72.24530319999998
252,41.8076198,-72.25243239999999
253,41.81022342173913,-72.24738661782611
254,41.807054344,-72.25373294399998
255,41.808769700000035,-72.24900900000007
256,41.80716483,-72.25414792
257,41.810332025555546,-72.24765749000001
258,41.8089668,-72.2566422
259,41.7349768,-72.2025575
260,41.81014679,-72.24754396666667
261,41.802140555,-72.24172084
262,41.8074901,-72.25280249999997
263,41.805878799999995,-72.2459712
264,41.807559999999995,-72.253959
265,41.80506980434781,-72.25456140652177
266,41.8096701,-72.2499342
267,41.812290964999995,-72.25826201000001
