,lat,lon
0,41.72772318883272,-72.20725302032756
1,41.77575796096401,-72.3437194678571
2,41.803497447968766,-72.25234535580931
3,41.804066839115634,-72.25241434469392
4,41.805338150000004,-72.25346716666665
5,41.80666257351634,-72.25198679823251
6,41.728183384,-72.202140482
7,41.80423616666666,-72.24310720833336
8,41.808747575529424,-72.25486540494116
9,41.809027818000004,-72.2566202436
10,41.80912022474492,-72.25641108147948
11,41.80851833444444,-72.25514155222221
12,41.806608546811574,-72.25068864072463
13,41.80624289503938,-72.24862606826767
14,41.805838230314315,-72.2488956977674
15,41.805795128,-72.24843826200001
16,41.80642441352942,-72.25237739898952
17,41.806284281250015,-72.24911891164471
18,41.728102235,-72.20650643166667
19,41.807487046048486,-72.2529633876612
20,41.802129875357124,-72.24171747964283
21,41.80240338065829,-72.24152172288395
22,41.80252652389605,-72.24128249948052
23,41.72816753277779,-72.20556031277776
24,41.80584438000001,-72.2481736275
25,41.809280666,-72.25659395800001
26,41.80865614499999,-72.25542786666666
27,41.80672311018986,-72.25306361569619
28,41.807319092222215,-72.25477632111112
29,41.80727225666666,-72.25344170166665
30,41.80148899999999,-72.24118180000002
31,41.79455330000007,-72.25150709999987
32,41.80502724375,-72.25309601312502
33,41.804954865000006,-72.25348430000001
34,41.8047455,-72.25354270000001
35,41.80706355230768,-72.25327771538463
36,41.81037275999999,-72.25208495999999
37,41.80527140000001,-72.24557460000004
38,41.80414988955222,-72.24183965701495
39,41.806444085,-72.25334676749999
40,41.807920555588304,-72.25284932405891
41,41.80786393761903,-72.25257395380952
42,41.8076804,-72.25217005
43,41.80879124400002,-72.25553496560002
44,41.8092119,-72.2561492
45,41.8090703288372,-72.25695889046509
46,41.80790337,-72.256273855
47,41.80687904249999,-72.25216229374999
48,41.80642547894738,-72.25177974736837
49,41.80635385523079,-72.25205101984606
50,41.805733315105996,-72.2514949
51,41.8056772,-72.2501655
52,41.80497944999998,-72.24466244374999
53,41.80173680000005,-72.24163190000017
54,41.809955181761666,-72.2474445343349
55,41.80492027999999,-72.25159970000001
56,41.8039362,-72.25243239999999
57,41.80454129999999,-72.24999670000001
58,41.8064071,-72.24836129999998
59,41.806069550000004,-72.24887939999999
60,41.80615418000001,-72.249854457
61,41.8061084,-72.2518152
62,41.806991100000005,-72.24724435
63,41.8083096,-72.24969025
64,41.80498248000001,-72.24413314
65,41.80949637661977,-72.24781935098595
66,41.8019454,-72.2412071
67,41.80433655000001,-72.2445033
68,41.80496234857146,-72.24511975999995
69,41.80702739999999,-72.25232729999999
70,41.80531034,-72.24956410000003
71,41.80921249928572,-72.25169792214285
72,41.807671825,-72.2516043892857
73,41.80768667159089,-72.25546770795451
74,41.73544515727276,-72.20130843863633
75,41.804641544999996,-72.25289500000002
76,41.80841814000001,-72.25451997999998
77,41.80932746,-72.25742237
78,41.81060774,-72.25771505
79,41.80803000000001,-72.25839140000002
80,41.80641480428572,-72.24909389571427
81,41.8049667,-72.24761059999999
82,41.8033704,-72.2436425
83,41.80335635,-72.243972925
84,41.80010769999993,-72.2437913000001
85,41.80437813111113,-72.24376581666667
86,41.804249400000025,-72.2510003
87,41.805343,-72.24558530000007
88,41.80415263999999,-72.24295451499998
89,41.810348180000005,-72.25586935999999
90,41.80944303,-72.25547298
91,41.809753445357146,-72.2552605842857
92,41.80587400272727,-72.24859743
93,41.80670115,-72.25731785
94,41.804289200000035,-72.24262469999996
95,41.8044642,-72.24614229999999
96,41.80682333718748,-72.24892932937496
97,41.801320000000025,-72.24337819999994
98,41.79808039999998,-72.25136610000001
99,41.8045429,-72.24497055000003
100,41.80597845,-72.24717455
101,41.80364825000001,-72.25076689999997
102,41.80498415156249,-72.25278046218747
103,41.80594315,-72.2530291125
104,41.80797415,-72.256781
105,41.80615899473684,-72.25094647368424
106,41.80598840833333,-72.25147684166667
107,41.806902400000006,-72.25192349999999
108,41.80427063071428,-72.25275793928573
109,41.80606114,-72.25367159999999
110,41.81005921833333,-72.25713064333333
111,41.727546312,-72.208199702
112,41.70865532466358,-72.94062168900732
113,41.708720213999996,-72.939919856
114,41.8076843,-72.24679734999998
115,41.80944240000001,-72.24867940000001
116,41.808693041917856,-72.24905827410959
117,41.807656099999996,-72.24849540000001
118,41.807400087941176,-72.2537063608823
119,41.80847957999999,-72.25377683
120,41.80190375,-72.2414212
121,41.801215500000005,-72.24389625000002
122,41.80560450000001,-72.2443546
123,41.8090196,-72.25567070000001
124,41.8061381,-72.25538940000001
125,41.80382738538461,-72.24241045230768
126,41.80904035000001,-72.24838529999992
127,41.80523089999999,-72.25160203999998
128,41.806525648695654,-72.24907637260871
129,41.808911772,-72.257155976
130,41.8067377,-72.25250340000001
131,41.80666827,-72.24976326
132,41.72809573,-72.2080668775
133,41.728310268571434,-72.20204408857143
134,41.80252016764705,-72.24195048588236
135,41.806211299999994,-72.2475286
136,41.80965095,-72.24934990000001
137,41.806388899999995,-72.2511902
138,41.803933745,-72.243351505
139,41.80947094954546,-72.24812876499996
140,41.8061335,-72.2515071
141,41.808519999999994,-72.2489164
142,41.72737695,-72.20645288833333
143,41.80467370000001,-72.25238609999998
144,41.80867394599999,-72.251165668
145,41.803655600000006,-72.25187719999998
146,41.809044174,-72.25204927466667
147,41.808864299999996,-72.25213405
148,41.80258,-72.24356540000001
149,41.8033704,-72.2424299
150,41.80655000000001,-72.25039679999999
151,41.80456825500001,-72.25197334625
152,41.807494500000004,-72.25203655
153,41.80771155714285,-72.25280250000002
154,41.80631823142856,-72.25135768285715
155,41.80751064696971,-72.25510899696967
156,41.80702642,-72.25442024
157,41.809498600000005,-72.252082
158,41.80679015833333,-72.25429308333332
159,41.80284584777778,-72.24126135833333
160,41.75026219,-72.19139716
161,41.80339134999999,-72.24625449999999
162,41.806014000000005,-72.2528753
163,41.80579981499999,-72.25232605166666
164,41.8008817,-72.24190490000001
165,41.80682013544584,-72.25270139999999
166,41.803884000000004,-72.2440198
167,41.73479729999998,-72.19929010000003
168,41.8063412,-72.25419029999999
169,41.80703945,-72.2514609
170,41.80530495714286,-72.25226498571428
171,41.73504069999997,-72.20134670000003
172,41.73404170500001,-72.20209479999997
173,41.80364035,-72.24422145
174,41.804463160000005,-72.24236556
175,41.734314000000026,-72.20063525000008
176,41.80587325,-72.24981855
177,41.80975592862586,-72.2476671680915
178,41.808662,-72.25756740000001
179,41.8060179,-72.2454103
180,41.80960193969697,-72.24819896545455
181,41.806363,-72.2553006
182,41.809326950000006,-72.2570123
183,41.80653490000001,-72.2527166
184,41.8028052,-72.24366729999998
185,41.8104475,-72.25150710000001
186,41.708206071999996,-72.940678118
187,41.709027283999994,-72.94119865
188,41.73438200000003,-72.20155359999994
189,41.8038798,-72.25163350000001
190,41.8061058,-72.2465026
191,41.805735000000006,-72.24332452
192,41.8065494,-72.2461038
193,41.8062919,-72.25104449999999
194,41.8083473,-72.24911209999999
195,41.80507993,-72.25125279999999
196,41.805175,-72.25150710000001
197,41.804576000000004,-72.2463257
198,41.80296504,-72.25201962000003
199,41.803850399999995,-72.25149630000003
200,41.804447426923076,-72.25196684230767
201,41.80652218125,-72.25290788500001
202,41.80877942739728,-72.24907108904084
203,41.80438525,-72.24914765
204,41.8061722,-72.2546992
205,41.80612250000001,-72.24560440000002
206,41.80891035,-72.2496566
207,41.80850331055555,-72.25104456083335
208,41.80560225,-72.24401255
209,41.812045913333336,-72.25825773999999
210,41.811374898333334,-72.25973318999999
211,41.8031516,-72.24254205
212,41.8080717,-72.2508978
213,41.80783300000001,-72.24974920000001
214,41.809111859999994,-72.2474279875
215,41.80897693636363,-72.25019903636364
216,41.809575624810115,-72.25000564253178
217,41.80712165166667,-72.25403394333334
218,41.80464849999999,-72.243226
219,41.8063558,-72.247436
220,41.8075724,-72.2502954
221,41.71688937235294,-72.2303661770588
222,41.8063558,-72.253959
223,41.80834749999999,-72.25310315
224,41.80523721000001,-72.24530319999998
225,41.808432520000004,-72.24900272142857
226,41.8076198,-72.25243239999999
227,41.809457264,-72.25000911999999
228,41.807054344,-72.25373294399998
229,41.80246025,-72.24101979399998
230,41.80716483,-72.25414792
231,41.7349768,-72.2025575
232,41.80996830400001,-72.24684714
233,41.809813283333334,-72.24689767333334
234,41.808581936,-72.249128626
235,41.8074901,-72.25280249999997
236,41.72545006,-72.239409028
237,41.805878799999995,-72.2459712
238,41.807559999999995,-72.253959
239,41.80507115531913,-72.25456138510643
240,41.8096701,-72.2499342
241,41.81228835857143,-72.25827390285716
