,lat,lon
0,41.72772394667365,-72.20724741331988
1,41.766322256820324,-72.35653452975879
2,41.80353240158728,-72.25229047857144
3,41.80406862086953,-72.25242621043473
4,41.727996047272725,-72.20742187636364
5,41.80911976069521,-72.25641329358278
6,41.80581830436679,-72.24892484410485
7,41.8074566850575,-72.25301578505736
8,41.727454117857135,-72.20744186571429
9,41.72752544777778,-72.20760468222221
10,41.72788367600001,-72.207076888
11,41.72790365545455,-72.20754094909091
12,41.80671904615384,-72.25298766153847
13,41.727464103636365,-72.20715040181818
14,41.72793444,-72.20723189888889
15,41.727539746666665,-72.20755568833333
16,41.80677598260868,-72.25315954782603
17,41.80660393846155,-72.25076018461537
18,41.72790745555555,-72.20761017111111
19,41.80148899999999,-72.24118180000002
20,41.79455330000007,-72.25150709999987
21,41.804954865000006,-72.25348430000001
22,41.80366039999995,-72.25228860000006
23,41.80360072500001,-72.25243191428564
24,41.80355940000001,-72.25243240000003
25,41.8087597,-72.2549677
26,41.80527140000001,-72.24557460000004
27,41.802364205434834,-72.24156173586947
28,41.8075654578261,-72.25280250130433
29,41.80792131363634,-72.25289153295458
30,41.80790646409634,-72.25281695156622
31,41.80879030000003,-72.25553190000004
32,41.80906997736841,-72.25696588657893
33,41.80790337,-72.256273855
34,41.806761140000006,-72.2531229533333
35,41.80676979999999,-72.25224150000003
36,41.80652910000003,-72.25196980000005
37,41.80666502938781,-72.25187727265329
38,41.806424399999976,-72.25178469999996
39,41.80636031351356,-72.25207179729725
40,41.805733315105996,-72.2514949
41,41.8057812,-72.2487966
42,41.805847329090916,-72.24817641
43,41.80242969999997,-72.24147540000007
44,41.80173680000005,-72.24163190000017
45,41.8042356,-72.24310880000002
46,41.80492027999999,-72.25159970000001
47,41.803380800000006,-72.25231369999992
48,41.80345289999997,-72.25237580000007
49,41.80345230000013,-72.25231050000001
50,41.8036191,-72.25257120000002
51,41.8064071,-72.24836129999998
52,41.806069550000004,-72.24887939999999
53,41.8064807,-72.24882390000002
54,41.806155600000004,-72.24984649999999
55,41.8061084,-72.2518152
56,41.806991100000005,-72.24724435
57,41.8083096,-72.24969025
58,41.80499404,-72.24418921999998
59,41.80951120000007,-72.24781189999999
60,41.80414199999997,-72.24181274000009
61,41.8019454,-72.2412071
62,41.80433655000001,-72.2445033
63,41.80496100000003,-72.24511679999998
64,41.8066668,-72.25224929999999
65,41.80531034,-72.24956410000003
66,41.80922780000001,-72.25169033499999
67,41.80669529999981,-72.25200654999965
68,41.80871839181819,-72.25478310606061
69,41.804641544999996,-72.25289500000002
70,41.80841814000001,-72.25451997999998
71,41.80803000000001,-72.25839140000002
72,41.806291735,-72.24905976499998
73,41.80335635,-72.243972925
74,41.80010769999993,-72.2437913000001
75,41.804380600000016,-72.24376751
76,41.804003599999994,-72.25235710000001
77,41.80366499999996,-72.25243240000005
78,41.804249400000025,-72.2510003
79,41.805343,-72.24558530000007
80,41.80252579999995,-72.24128299999998
81,41.80258780000001,-72.24150169999993
82,41.80415263999999,-72.24295451499998
83,41.80866070000001,-72.25496880000001
84,41.809750105000006,-72.25525882
85,41.80233510000001,-72.2414681
86,41.804289200000035,-72.24262469999996
87,41.8044642,-72.24614229999999
88,41.806011949999984,-72.2488194
89,41.806849999999976,-72.24896764999997
90,41.801320000000025,-72.24337819999994
91,41.79808039999998,-72.25136610000001
92,41.8045429,-72.24497055000003
93,41.80597845,-72.24717455
94,41.80364825000001,-72.25076689999997
95,41.80616285,-72.250952
96,41.806902400000006,-72.25192349999999
97,41.80605550000001,-72.253661385
98,41.70865405293799,-72.94061940177917
99,41.70877643125,-72.94066258125001
100,41.70855430076922,-72.9407428476923
101,41.8076843,-72.24679734999998
102,41.80944240000001,-72.24867940000001
103,41.80869440000001,-72.24900900000004
104,41.80681255250003,-72.25232351249997
105,41.8066953,-72.25187719999998
106,41.80190375,-72.2414212
107,41.80652910000003,-72.25211390000003
108,41.80651439999998,-72.25193364999998
109,41.8061381,-72.25538940000001
110,41.803826449999995,-72.2424047
111,41.80904035000001,-72.24838529999992
112,41.80523089999999,-72.25160203999998
113,41.80652479999999,-72.24910150000001
114,41.80578119999999,-72.2488618
115,41.8067377,-72.25250340000001
116,41.804976700000005,-72.24410510000001
117,41.80253545,-72.241977
118,41.80958512,-72.2475286
119,41.80866646249999,-72.24905797500001
120,41.806388899999995,-72.2511902
121,41.80643500000001,-72.25238957329398
122,41.80329723,-72.25235608000001
123,41.80360742307693,-72.25230853076924
124,41.80201699999999,-72.2416213
125,41.809474386666665,-72.24812980571426
126,41.8088606,-72.25492290000001
127,41.80634829999998,-72.25195370000003
128,41.735448800000015,-72.2013082
129,41.80467370000001,-72.25238609999998
130,41.80667970000001,-72.2519698
131,41.803655600000006,-72.25187719999998
132,41.809029781818175,-72.2520666909091
133,41.80620507545455,-72.24861476454547
134,41.708744115,-72.940460817
135,41.70854652254231,-72.94065857203384
136,41.7087508725,-72.94070875375
137,41.70864964555555,-72.94047179333333
138,41.727932536,-72.207120145
139,41.80339134999999,-72.24625449999999
140,41.80360857142858,-72.25252490000001
141,41.807516449999994,-72.25511559999997
142,41.807678499999994,-72.25546520000002
143,41.8008817,-72.24190490000001
144,41.80630783066667,-72.24910951266666
145,41.8090889,-72.2565959
146,41.73479729999998,-72.19929010000003
147,41.8063412,-72.25419029999999
148,41.805938700000006,-72.2487776
149,41.73504069999997,-72.20134670000003
150,41.734044000000004,-72.20209479999997
151,41.8067256,-72.25178470000002
152,41.80674039999998,-72.25187719999998
153,41.8066952999999,-72.25183099999988
154,41.806650299999994,-72.25178470000002
155,41.734314000000026,-72.20063525000008
156,41.806021400000006,-72.24863890000002
157,41.80331869999999,-72.25238609999998
158,41.80587325,-72.24981855
159,41.80975574999991,-72.24766734999987
160,41.808662,-72.25756740000001
161,41.8060179,-72.2454103
162,41.80960206999999,-72.24818735999999
163,41.80960167909091,-72.24822217636365
164,41.809765135,-72.24749235
165,41.80499789499999,-72.25277614000002
166,41.803469309090914,-72.25238614545455
167,41.8104475,-72.25150710000001
168,41.727921815,-72.207141645
169,41.8028632,-72.24123675
170,41.73438200000003,-72.20155359999994
171,41.80334899999999,-72.25233990000005
172,41.80334900000002,-72.25238609999998
173,41.805735000000006,-72.24332452
174,41.8065494,-72.2461038
175,41.805175,-72.25150710000001
176,41.8065144,-72.25187719999998
177,41.80296504,-72.25201962000003
178,41.803850399999995,-72.25149630000003
179,41.8044476,-72.25195129999999
180,41.808784191836736,-72.24910149999985
181,41.8061722,-72.2546992
182,41.8034243,-72.25233990000002
183,41.804990999999994,-72.2446603
184,41.80612250000001,-72.24560440000002
185,41.80996245090912,-72.24752855363681
186,41.809874285263156,-72.24743585368421
187,41.8042694,-72.25275620000001
188,41.80849089999999,-72.2510445
189,41.8120487,-72.25826129999999
190,41.810011141707356,-72.24734348235776
191,41.8102265,-72.24764119999999
192,41.8031516,-72.24254205
193,41.80657410000003,-72.25201600000018
194,41.80660439999998,-72.2519698
195,41.80657410000001,-72.2519698
196,41.80783300000001,-72.24974920000001
197,41.80958654999996,-72.24999155000012
198,41.80953403684209,-72.25002679999997
199,41.8073844,-72.25368149999998
200,41.807838459999985,-72.25258762
201,41.808709099999994,-72.24910150000004
202,41.8063558,-72.247436
203,41.809935892359505,-72.24734355331441
204,41.716893299999995,-72.23036449999998
205,41.80993487772147,-72.24757476632908
206,41.80995050000001,-72.24743599999988
207,41.80834749999999,-72.25310315
208,41.807411200000004,-72.25370767999999
209,41.80727795,-72.25342739999999
210,41.8076198,-72.25243239999999
211,41.8098899,-72.24752859999992
212,41.81002599187497,-72.24743538156255
213,41.80704939999999,-72.25372769999997
214,41.808769700000035,-72.24900900000007
215,41.806681646875,-72.25286102812503
216,41.8089668,-72.2566422
217,41.80658970000001,-72.25187719999998
218,41.809905500000006,-72.2473898
219,41.8074901,-72.25280249999997
220,41.805070739999984,-72.25456040000005
221,41.80990486899999,-72.24762339599998
222,41.8096701,-72.2499342
