,lat,lon
0,41.72772300659152,-72.20725250579355
1,41.728201965925926,-72.20552585777777
2,41.77317809995881,-72.35409554979375
3,41.8034973277399,-72.25234551918757
4,41.80406257516128,-72.25241571412907
5,41.805338150000004,-72.25346716666665
6,41.80663270352875,-72.251977089383
7,41.72826930333333,-72.2020886588889
8,41.80241236762184,-72.2414981782022
9,41.80420681945947,-72.24305355932431
10,41.8049605290909,-72.24465851045456
11,41.808745116666685,-72.25486725390802
12,41.80910849982639,-72.256519758368
13,41.80930008875001,-72.257044275
14,41.808702191666676,-72.25541505738094
15,41.80615555799999,-72.25093620400001
16,41.80660386306663,-72.25066529346667
17,41.80607165372359,-72.24884420814931
18,41.80988691681493,-72.24750403959244
19,41.80601506520001,-72.25147465639999
20,41.727461649999995,-72.204594146
21,41.80495458780491,-72.2451050670731
22,41.807726452295114,-72.25286028437154
23,41.80566845714286,-72.25015625857144
24,41.80312818916666,-72.24255605833334
25,41.80671101808108,-72.25302724917123
26,41.80759047976565,-72.25524289929685
27,41.807306833,-72.254773239
28,41.80727225666666,-72.25344170166665
29,41.80148899999999,-72.24118180000002
30,41.79455330000007,-72.25150709999987
31,41.80502724375,-72.25309601312502
32,41.804954865000006,-72.25348430000001
33,41.8047455,-72.25354270000001
34,41.80706355230768,-72.25327771538463
35,41.81037275999999,-72.25208495999999
36,41.80532667017542,-72.2455828596491
37,41.80415047623187,-72.24183525231886
38,41.806444085,-72.25334676749999
39,41.8076804,-72.25217005
40,41.809576103333335,-72.25628503833333
41,41.808648100000006,-72.25645715000002
42,41.80790337,-72.256273855
43,41.805733315105996,-72.2514949
44,41.80173680000005,-72.24163190000017
45,41.80492027999999,-72.25159970000001
46,41.80454129999999,-72.24999670000001
47,41.8064071,-72.24836129999998
48,41.80615418000001,-72.249854457
49,41.8061084,-72.2518152
50,41.806991100000005,-72.24724435
51,41.8083096,-72.24969025
52,41.80897135333333,-72.25021025666666
53,41.80498248000001,-72.24413314
54,41.8019454,-72.2412071
55,41.80433655000001,-72.2445033
56,41.80531034,-72.24956410000003
57,41.80898579818181,-72.25208225818184
58,41.80918816210527,-72.25168216000002
59,41.8076900140909,-72.25156242954546
60,41.7354488785417,-72.2013209164583
61,41.804641544999996,-72.25289500000002
62,41.80841814000001,-72.25451997999998
63,41.80932917166667,-72.25739392166666
64,41.81060774,-72.25771505
65,41.80803000000001,-72.25839140000002
66,41.80496515555556,-72.24759823333333
67,41.8033704,-72.2436425
68,41.80335635,-72.243972925
69,41.80010769999993,-72.2437913000001
70,41.804387417272736,-72.2437476984091
71,41.804249400000025,-72.2510003
72,41.80721460058823,-72.2540976164706
73,41.81030600700001,-72.25584627599999
74,41.80944303,-72.25547298
75,41.80975743,-72.25525841241378
76,41.80670115,-72.25731785
77,41.804289200000035,-72.24262469999996
78,41.8044642,-72.24614229999999
79,41.801320000000025,-72.24337819999994
80,41.79808039999998,-72.25136610000001
81,41.8045429,-72.24497055000003
82,41.80597845,-72.24717455
83,41.80364825000001,-72.25076689999997
84,41.80498415156249,-72.25278046218747
85,41.805864606,-72.25232797000001
86,41.80597259428571,-72.25295531500001
87,41.80797415,-72.256781
88,41.806902400000006,-72.25192349999999
89,41.804264309333334,-72.25275378800002
90,41.80606114,-72.25367159999999
91,41.81005921833333,-72.25713064333333
92,41.70865371457925,-72.94061745504541
93,41.8076843,-72.24679734999998
94,41.80944240000001,-72.24867940000001
95,41.80871734838061,-72.24906542688228
96,41.807656099999996,-72.24849540000001
97,41.807400087941176,-72.2537063608823
98,41.80847957999999,-72.25377683
99,41.801215500000005,-72.24389625000002
100,41.80560450000001,-72.2443546
101,41.80905688230769,-72.25570186307692
102,41.80631525615385,-72.25418121769232
103,41.8061381,-72.25538940000001
104,41.80266939,-72.240636305
105,41.80382738538461,-72.24241045230768
106,41.809037957631595,-72.24838582631571
107,41.80520574499998,-72.25155931700002
108,41.808911772,-72.257155976
109,41.80833544,-72.25412189299999
110,41.80666827,-72.24976326
111,41.806211299999994,-72.2475286
112,41.80965095,-72.24934990000001
113,41.806918087999996,-72.253446248
114,41.804680008000005,-72.243669942
115,41.803933745,-72.243351505
116,41.803863177419366,-72.25153529967746
117,41.709029974,-72.939739422
118,41.80467370000001,-72.25238609999998
119,41.80851647555557,-72.25102970611113
120,41.806214833750005,-72.24961485125002
121,41.803655600000006,-72.25187719999998
122,41.807723898333336,-72.25330350333333
123,41.80258,-72.24356540000001
124,41.8033704,-72.2424299
125,41.72855992499999,-72.20697408666668
126,41.80449651640001,-72.2519818084
127,41.80749152222222,-72.25196572777776
128,41.80689740115385,-72.25434547192309
129,41.809498600000005,-72.252082
130,41.70884340166666,-72.94142480166667
131,41.7080409175,-72.9400189925
132,41.75026219,-72.19139716
133,41.80339134999999,-72.24625449999999
134,41.80835355923075,-72.25309333769232
135,41.8008817,-72.24190490000001
136,41.80974060888888,-72.2575744222222
137,41.803894045,-72.24403333166667
138,41.80926672857142,-72.25133063857142
139,41.728627755999995,-72.20744050799999
140,41.73479729999998,-72.19929010000003
141,41.80703945,-72.2514609
142,41.80530495714286,-72.25226498571428
143,41.73504069999997,-72.20134670000003
144,41.73404170500001,-72.20209479999997
145,41.80364035,-72.24422145
146,41.804463160000005,-72.24236556
147,41.734314000000026,-72.20063525000008
148,41.80587325,-72.24981855
149,41.808662,-72.25756740000001
150,41.8060179,-72.2454103
151,41.809605623714276,-72.24820226228572
152,41.807849000000004,-72.24972453333334
153,41.806363,-72.2553006
154,41.8028052,-72.24366729999998
155,41.80804642142857,-72.25094559000001
156,41.8104475,-72.25150710000001
157,41.73437536500003,-72.20155079924994
158,41.8061058,-72.2465026
159,41.805735000000006,-72.24332452
160,41.8065494,-72.2461038
161,41.80507993,-72.25125279999999
162,41.804576000000004,-72.2463257
163,41.80296504,-72.25201962000003
164,41.80438525,-72.24914765
165,41.8061722,-72.2546992
166,41.80612250000001,-72.24560440000002
167,41.80891035,-72.2496566
168,41.80560225,-72.24401255
169,41.80288445,-72.24160690000001
170,41.81203872764706,-72.25823930058822
171,41.8126792,-72.25815295500001
172,41.811424185999996,-72.25979077299999
173,41.809111859999994,-72.2474279875
174,41.809572409705886,-72.25000909519619
175,41.80464849999999,-72.243226
176,41.8063558,-72.247436
177,41.8075724,-72.2502954
178,41.80908890833334,-72.250932865
179,41.71688937235294,-72.2303661770588
180,41.8063558,-72.253959
181,41.80523721000001,-72.24530319999998
182,41.80762663272727,-72.25243255272726
183,41.807054344,-72.25373294399998
184,41.7349768,-72.2025575
185,41.72549738888889,-72.23940982777779
186,41.805878799999995,-72.2459712
187,41.807559999999995,-72.253959
188,41.80507115531913,-72.25456138510643
189,41.812335318,-72.258284636
